[ 2016-11-18T13:05:18+08:00 ] ::1 /frame/index.php/Home/Index/index
INFO: [ app_init ] --START--
INFO: Run Behavior\BuildLiteBehavior [ RunTime:0.000000s ]
INFO: [ app_init ] --END-- [ RunTime:0.000000s ]
NOTIC: [8] Use of undefined constant TEMPLATE_PATH - assumed 'TEMPLATE_PATH' D:\wamp\wamp\www\frame\App\Home\Conf\config.php 第 5 行.
INFO: [ app_begin ] --START--
INFO: Run Behavior\ReadHtmlCacheBehavior [ RunTime:0.001000s ]
INFO: [ app_begin ] --END-- [ RunTime:0.001000s ]
INFO: [ view_parse ] --START--
INFO: [ template_filter ] --START--
INFO: Run Behavior\ContentReplaceBehavior [ RunTime:0.000000s ]
INFO: [ template_filter ] --END-- [ RunTime:0.001000s ]
NOTIC: [8] Undefined variable: pathInfo D:\wamp\wamp\www\frame\App\Runtime\Cache\Home\9681cafc69df69c97544217a8fe25d26.php 第 37 行.
NOTIC: [8] Undefined variable: user D:\wamp\wamp\www\frame\App\Runtime\Cache\Home\9681cafc69df69c97544217a8fe25d26.php 第 57 行.
NOTIC: [8] Undefined variable: user D:\wamp\wamp\www\frame\App\Runtime\Cache\Home\9681cafc69df69c97544217a8fe25d26.php 第 58 行.
NOTIC: [8] Undefined variable: cMenu D:\wamp\wamp\www\frame\App\Runtime\Cache\Home\9681cafc69df69c97544217a8fe25d26.php 第 94 行.
INFO: Run Behavior\ParseTemplateBehavior [ RunTime:0.021001s ]
INFO: [ view_parse ] --END-- [ RunTime:0.022001s ]
INFO: [ view_filter ] --START--
INFO: Run Behavior\WriteHtmlCacheBehavior [ RunTime:0.001000s ]
INFO: [ view_filter ] --END-- [ RunTime:0.001000s ]
INFO: [ app_end ] --START--
INFO: Run Behavior\ShowPageTraceBehavior [ RunTime:0.001000s ]
INFO: [ app_end ] --END-- [ RunTime:0.002000s ]

[ 2016-11-18T13:05:19+08:00 ] ::1 /frame/index.php/Home/Index/home
INFO: [ app_init ] --START--
INFO: Run Behavior\BuildLiteBehavior [ RunTime:0.001000s ]
INFO: [ app_init ] --END-- [ RunTime:0.001000s ]
NOTIC: [8] Use of undefined constant TEMPLATE_PATH - assumed 'TEMPLATE_PATH' D:\wamp\wamp\www\frame\App\Home\Conf\config.php 第 5 行.
INFO: [ app_begin ] --START--
INFO: Run Behavior\ReadHtmlCacheBehavior [ RunTime:0.001000s ]
INFO: [ app_begin ] --END-- [ RunTime:0.002000s ]
INFO: [ view_parse ] --START--
INFO: [ template_filter ] --START--
INFO: Run Behavior\ContentReplaceBehavior [ RunTime:0.000000s ]
INFO: [ template_filter ] --END-- [ RunTime:0.001000s ]
NOTIC: [8] Undefined variable: pathInfo D:\wamp\wamp\www\frame\App\Runtime\Cache\Home\4aeea9a7bc98588fbecf62a753996b99.php 第 38 行.
INFO: Run Behavior\ParseTemplateBehavior [ RunTime:0.013001s ]
INFO: [ view_parse ] --END-- [ RunTime:0.013001s ]
INFO: [ view_filter ] --START--
INFO: Run Behavior\WriteHtmlCacheBehavior [ RunTime:0.000000s ]
INFO: [ view_filter ] --END-- [ RunTime:0.001000s ]
INFO: [ app_end ] --START--
INFO: Run Behavior\ShowPageTraceBehavior [ RunTime:0.001000s ]
INFO: [ app_end ] --END-- [ RunTime:0.001000s ]

[ 2016-11-18T13:05:20+08:00 ] ::1 /frame/index.php/Home/Index/index
INFO: [ app_init ] --START--
INFO: Run Behavior\BuildLiteBehavior [ RunTime:0.000000s ]
INFO: [ app_init ] --END-- [ RunTime:0.000000s ]
NOTIC: [8] Use of undefined constant TEMPLATE_PATH - assumed 'TEMPLATE_PATH' D:\wamp\wamp\www\frame\App\Home\Conf\config.php 第 5 行.
INFO: [ app_begin ] --START--
INFO: Run Behavior\ReadHtmlCacheBehavior [ RunTime:0.001000s ]
INFO: [ app_begin ] --END-- [ RunTime:0.001000s ]
INFO: [ view_parse ] --START--
INFO: [ template_filter ] --START--
INFO: Run Behavior\ContentReplaceBehavior [ RunTime:0.000000s ]
INFO: [ template_filter ] --END-- [ RunTime:0.000000s ]
NOTIC: [8] Undefined variable: pathInfo D:\wamp\wamp\www\frame\App\Runtime\Cache\Home\9681cafc69df69c97544217a8fe25d26.php 第 37 行.
NOTIC: [8] Undefined variable: user D:\wamp\wamp\www\frame\App\Runtime\Cache\Home\9681cafc69df69c97544217a8fe25d26.php 第 57 行.
NOTIC: [8] Undefined variable: user D:\wamp\wamp\www\frame\App\Runtime\Cache\Home\9681cafc69df69c97544217a8fe25d26.php 第 58 行.
NOTIC: [8] Undefined variable: cMenu D:\wamp\wamp\www\frame\App\Runtime\Cache\Home\9681cafc69df69c97544217a8fe25d26.php 第 94 行.
INFO: Run Behavior\ParseTemplateBehavior [ RunTime:0.017000s ]
INFO: [ view_parse ] --END-- [ RunTime:0.017000s ]
INFO: [ view_filter ] --START--
INFO: Run Behavior\WriteHtmlCacheBehavior [ RunTime:0.001001s ]
INFO: [ view_filter ] --END-- [ RunTime:0.001001s ]
INFO: [ app_end ] --START--
INFO: Run Behavior\ShowPageTraceBehavior [ RunTime:0.001000s ]
INFO: [ app_end ] --END-- [ RunTime:0.002000s ]

[ 2016-11-18T13:05:21+08:00 ] ::1 /frame/index.php/Home/Index/index
INFO: [ app_init ] --START--
INFO: Run Behavior\BuildLiteBehavior [ RunTime:0.000000s ]
INFO: [ app_init ] --END-- [ RunTime:0.000000s ]
NOTIC: [8] Use of undefined constant TEMPLATE_PATH - assumed 'TEMPLATE_PATH' D:\wamp\wamp\www\frame\App\Home\Conf\config.php 第 5 行.
INFO: [ app_begin ] --START--
INFO: Run Behavior\ReadHtmlCacheBehavior [ RunTime:0.001000s ]
INFO: [ app_begin ] --END-- [ RunTime:0.001000s ]
INFO: [ view_parse ] --START--
INFO: [ template_filter ] --START--
INFO: Run Behavior\ContentReplaceBehavior [ RunTime:0.001000s ]
INFO: [ template_filter ] --END-- [ RunTime:0.001000s ]
NOTIC: [8] Undefined variable: pathInfo D:\wamp\wamp\www\frame\App\Runtime\Cache\Home\9681cafc69df69c97544217a8fe25d26.php 第 37 行.
NOTIC: [8] Undefined variable: user D:\wamp\wamp\www\frame\App\Runtime\Cache\Home\9681cafc69df69c97544217a8fe25d26.php 第 57 行.
NOTIC: [8] Undefined variable: user D:\wamp\wamp\www\frame\App\Runtime\Cache\Home\9681cafc69df69c97544217a8fe25d26.php 第 58 行.
NOTIC: [8] Undefined variable: cMenu D:\wamp\wamp\www\frame\App\Runtime\Cache\Home\9681cafc69df69c97544217a8fe25d26.php 第 94 行.
INFO: Run Behavior\ParseTemplateBehavior [ RunTime:0.015001s ]
INFO: [ view_parse ] --END-- [ RunTime:0.015001s ]
INFO: [ view_filter ] --START--
INFO: Run Behavior\WriteHtmlCacheBehavior [ RunTime:0.000000s ]
INFO: [ view_filter ] --END-- [ RunTime:0.001000s ]
INFO: [ app_end ] --START--
INFO: Run Behavior\ShowPageTraceBehavior [ RunTime:0.001000s ]
INFO: [ app_end ] --END-- [ RunTime:0.001000s ]

[ 2016-11-18T13:05:22+08:00 ] ::1 /frame/index.php/Home/Index/home
INFO: [ app_init ] --START--
INFO: Run Behavior\BuildLiteBehavior [ RunTime:0.000000s ]
INFO: [ app_init ] --END-- [ RunTime:0.000000s ]
NOTIC: [8] Use of undefined constant TEMPLATE_PATH - assumed 'TEMPLATE_PATH' D:\wamp\wamp\www\frame\App\Home\Conf\config.php 第 5 行.
INFO: [ app_begin ] --START--
INFO: Run Behavior\ReadHtmlCacheBehavior [ RunTime:0.001000s ]
INFO: [ app_begin ] --END-- [ RunTime:0.002000s ]
INFO: [ view_parse ] --START--
INFO: [ template_filter ] --START--
INFO: Run Behavior\ContentReplaceBehavior [ RunTime:0.000000s ]
INFO: [ template_filter ] --END-- [ RunTime:0.000000s ]
NOTIC: [8] Undefined variable: pathInfo D:\wamp\wamp\www\frame\App\Runtime\Cache\Home\4aeea9a7bc98588fbecf62a753996b99.php 第 38 行.
INFO: Run Behavior\ParseTemplateBehavior [ RunTime:0.023001s ]
INFO: [ view_parse ] --END-- [ RunTime:0.023001s ]
INFO: [ view_filter ] --START--
INFO: Run Behavior\WriteHtmlCacheBehavior [ RunTime:0.009001s ]
INFO: [ view_filter ] --END-- [ RunTime:0.009001s ]
INFO: [ app_end ] --START--
INFO: Run Behavior\ShowPageTraceBehavior [ RunTime:0.001000s ]
INFO: [ app_end ] --END-- [ RunTime:0.001000s ]

[ 2016-11-18T13:05:22+08:00 ] ::1 /frame/index.php/Home/Index/index
INFO: [ app_init ] --START--
INFO: Run Behavior\BuildLiteBehavior [ RunTime:0.000000s ]
INFO: [ app_init ] --END-- [ RunTime:0.000000s ]
NOTIC: [8] Use of undefined constant TEMPLATE_PATH - assumed 'TEMPLATE_PATH' D:\wamp\wamp\www\frame\App\Home\Conf\config.php 第 5 行.
INFO: [ app_begin ] --START--
INFO: Run Behavior\ReadHtmlCacheBehavior [ RunTime:0.006001s ]
INFO: [ app_begin ] --END-- [ RunTime:0.006001s ]
INFO: [ view_parse ] --START--
INFO: [ template_filter ] --START--
INFO: Run Behavior\ContentReplaceBehavior [ RunTime:0.000000s ]
INFO: [ template_filter ] --END-- [ RunTime:0.000000s ]
NOTIC: [8] Undefined variable: pathInfo D:\wamp\wamp\www\frame\App\Runtime\Cache\Home\9681cafc69df69c97544217a8fe25d26.php 第 37 行.
NOTIC: [8] Undefined variable: user D:\wamp\wamp\www\frame\App\Runtime\Cache\Home\9681cafc69df69c97544217a8fe25d26.php 第 57 行.
NOTIC: [8] Undefined variable: user D:\wamp\wamp\www\frame\App\Runtime\Cache\Home\9681cafc69df69c97544217a8fe25d26.php 第 58 行.
NOTIC: [8] Undefined variable: cMenu D:\wamp\wamp\www\frame\App\Runtime\Cache\Home\9681cafc69df69c97544217a8fe25d26.php 第 94 行.
INFO: Run Behavior\ParseTemplateBehavior [ RunTime:0.025001s ]
INFO: [ view_parse ] --END-- [ RunTime:0.026001s ]
INFO: [ view_filter ] --START--
INFO: Run Behavior\WriteHtmlCacheBehavior [ RunTime:0.002000s ]
INFO: [ view_filter ] --END-- [ RunTime:0.003001s ]
INFO: [ app_end ] --START--
INFO: Run Behavior\ShowPageTraceBehavior [ RunTime:0.003000s ]
INFO: [ app_end ] --END-- [ RunTime:0.004000s ]

[ 2016-11-18T13:08:30+08:00 ] ::1 /frame/index.php/Home/Index/index
INFO: [ app_init ] --START--
INFO: Run Behavior\BuildLiteBehavior [ RunTime:0.000000s ]
INFO: [ app_init ] --END-- [ RunTime:0.001000s ]
NOTIC: [8] Use of undefined constant TEMPLATE_PATH - assumed 'TEMPLATE_PATH' D:\wamp\wamp\www\frame\App\Home\Conf\config.php 第 5 行.
INFO: [ app_begin ] --START--
INFO: Run Behavior\ReadHtmlCacheBehavior [ RunTime:0.002000s ]
INFO: [ app_begin ] --END-- [ RunTime:0.002000s ]
INFO: [ view_parse ] --START--
INFO: [ template_filter ] --START--
INFO: Run Behavior\ContentReplaceBehavior [ RunTime:0.000000s ]
INFO: [ template_filter ] --END-- [ RunTime:0.001000s ]
NOTIC: [8] Undefined variable: pathInfo D:\wamp\wamp\www\frame\App\Runtime\Cache\Home\9681cafc69df69c97544217a8fe25d26.php 第 38 行.
NOTIC: [8] Undefined variable: user D:\wamp\wamp\www\frame\App\Runtime\Cache\Home\9681cafc69df69c97544217a8fe25d26.php 第 58 行.
NOTIC: [8] Undefined variable: user D:\wamp\wamp\www\frame\App\Runtime\Cache\Home\9681cafc69df69c97544217a8fe25d26.php 第 59 行.
NOTIC: [8] Undefined variable: cMenu D:\wamp\wamp\www\frame\App\Runtime\Cache\Home\9681cafc69df69c97544217a8fe25d26.php 第 95 行.
INFO: Run Behavior\ParseTemplateBehavior [ RunTime:0.015001s ]
INFO: [ view_parse ] --END-- [ RunTime:0.015001s ]
INFO: [ view_filter ] --START--
INFO: Run Behavior\WriteHtmlCacheBehavior [ RunTime:0.001000s ]
INFO: [ view_filter ] --END-- [ RunTime:0.001000s ]
INFO: [ app_end ] --START--
INFO: Run Behavior\ShowPageTraceBehavior [ RunTime:0.002000s ]
INFO: [ app_end ] --END-- [ RunTime:0.002000s ]

[ 2016-11-18T13:08:30+08:00 ] ::1 /frame/index.php/Home/Index/home
INFO: [ app_init ] --START--
INFO: Run Behavior\BuildLiteBehavior [ RunTime:0.000000s ]
INFO: [ app_init ] --END-- [ RunTime:0.000000s ]
NOTIC: [8] Use of undefined constant TEMPLATE_PATH - assumed 'TEMPLATE_PATH' D:\wamp\wamp\www\frame\App\Home\Conf\config.php 第 5 行.
INFO: [ app_begin ] --START--
INFO: Run Behavior\ReadHtmlCacheBehavior [ RunTime:0.001000s ]
INFO: [ app_begin ] --END-- [ RunTime:0.002000s ]
INFO: [ view_parse ] --START--
INFO: [ template_filter ] --START--
INFO: Run Behavior\ContentReplaceBehavior [ RunTime:0.000000s ]
INFO: [ template_filter ] --END-- [ RunTime:0.000000s ]
NOTIC: [8] Undefined variable: pathInfo D:\wamp\wamp\www\frame\App\Runtime\Cache\Home\4aeea9a7bc98588fbecf62a753996b99.php 第 39 行.
INFO: Run Behavior\ParseTemplateBehavior [ RunTime:0.013001s ]
INFO: [ view_parse ] --END-- [ RunTime:0.013001s ]
INFO: [ view_filter ] --START--
INFO: Run Behavior\WriteHtmlCacheBehavior [ RunTime:0.001000s ]
INFO: [ view_filter ] --END-- [ RunTime:0.001000s ]
INFO: [ app_end ] --START--
INFO: Run Behavior\ShowPageTraceBehavior [ RunTime:0.001000s ]
INFO: [ app_end ] --END-- [ RunTime:0.001000s ]

[ 2016-11-18T13:08:31+08:00 ] ::1 /frame/index.php/Home/Index/index
INFO: [ app_init ] --START--
INFO: Run Behavior\BuildLiteBehavior [ RunTime:0.000000s ]
INFO: [ app_init ] --END-- [ RunTime:0.000000s ]
NOTIC: [8] Use of undefined constant TEMPLATE_PATH - assumed 'TEMPLATE_PATH' D:\wamp\wamp\www\frame\App\Home\Conf\config.php 第 5 行.
INFO: [ app_begin ] --START--
INFO: Run Behavior\ReadHtmlCacheBehavior [ RunTime:0.001001s ]
INFO: [ app_begin ] --END-- [ RunTime:0.001001s ]
INFO: [ view_parse ] --START--
INFO: [ template_filter ] --START--
INFO: Run Behavior\ContentReplaceBehavior [ RunTime:0.000000s ]
INFO: [ template_filter ] --END-- [ RunTime:0.000000s ]
NOTIC: [8] Undefined variable: pathInfo D:\wamp\wamp\www\frame\App\Runtime\Cache\Home\9681cafc69df69c97544217a8fe25d26.php 第 38 行.
NOTIC: [8] Undefined variable: user D:\wamp\wamp\www\frame\App\Runtime\Cache\Home\9681cafc69df69c97544217a8fe25d26.php 第 58 行.
NOTIC: [8] Undefined variable: user D:\wamp\wamp\www\frame\App\Runtime\Cache\Home\9681cafc69df69c97544217a8fe25d26.php 第 59 行.
NOTIC: [8] Undefined variable: cMenu D:\wamp\wamp\www\frame\App\Runtime\Cache\Home\9681cafc69df69c97544217a8fe25d26.php 第 95 行.
INFO: Run Behavior\ParseTemplateBehavior [ RunTime:0.017001s ]
INFO: [ view_parse ] --END-- [ RunTime:0.017001s ]
INFO: [ view_filter ] --START--
INFO: Run Behavior\WriteHtmlCacheBehavior [ RunTime:0.001000s ]
INFO: [ view_filter ] --END-- [ RunTime:0.001000s ]
INFO: [ app_end ] --START--
INFO: Run Behavior\ShowPageTraceBehavior [ RunTime:0.002000s ]
INFO: [ app_end ] --END-- [ RunTime:0.002000s ]

[ 2016-11-18T13:11:57+08:00 ] ::1 /frame/index.php/Home/Index/index
INFO: [ app_init ] --START--
INFO: Run Behavior\BuildLiteBehavior [ RunTime:0.000000s ]
INFO: [ app_init ] --END-- [ RunTime:0.000000s ]
NOTIC: [8] Use of undefined constant TEMPLATE_PATH - assumed 'TEMPLATE_PATH' D:\wamp\wamp\www\frame\App\Home\Conf\config.php 第 5 行.
INFO: [ app_begin ] --START--
INFO: Run Behavior\ReadHtmlCacheBehavior [ RunTime:0.003000s ]
INFO: [ app_begin ] --END-- [ RunTime:0.004000s ]
INFO: [ view_parse ] --START--
INFO: [ template_filter ] --START--
INFO: Run Behavior\ContentReplaceBehavior [ RunTime:0.001000s ]
INFO: [ template_filter ] --END-- [ RunTime:0.001000s ]
NOTIC: [8] Undefined variable: pathInfo D:\wamp\wamp\www\frame\App\Runtime\Cache\Home\9681cafc69df69c97544217a8fe25d26.php 第 38 行.
NOTIC: [8] Undefined variable: user D:\wamp\wamp\www\frame\App\Runtime\Cache\Home\9681cafc69df69c97544217a8fe25d26.php 第 58 行.
NOTIC: [8] Undefined variable: user D:\wamp\wamp\www\frame\App\Runtime\Cache\Home\9681cafc69df69c97544217a8fe25d26.php 第 59 行.
NOTIC: [8] Undefined variable: cMenu D:\wamp\wamp\www\frame\App\Runtime\Cache\Home\9681cafc69df69c97544217a8fe25d26.php 第 95 行.
INFO: Run Behavior\ParseTemplateBehavior [ RunTime:0.017001s ]
INFO: [ view_parse ] --END-- [ RunTime:0.017001s ]
INFO: [ view_filter ] --START--
INFO: Run Behavior\WriteHtmlCacheBehavior [ RunTime:0.001000s ]
INFO: [ view_filter ] --END-- [ RunTime:0.001000s ]
INFO: [ app_end ] --START--
INFO: Run Behavior\ShowPageTraceBehavior [ RunTime:0.001000s ]
INFO: [ app_end ] --END-- [ RunTime:0.002000s ]

[ 2016-11-18T13:11:57+08:00 ] ::1 /frame/index.php/Home/Index/home
INFO: [ app_init ] --START--
INFO: Run Behavior\BuildLiteBehavior [ RunTime:0.000000s ]
INFO: [ app_init ] --END-- [ RunTime:0.000000s ]
NOTIC: [8] Use of undefined constant TEMPLATE_PATH - assumed 'TEMPLATE_PATH' D:\wamp\wamp\www\frame\App\Home\Conf\config.php 第 5 行.
INFO: [ app_begin ] --START--
INFO: Run Behavior\ReadHtmlCacheBehavior [ RunTime:0.001000s ]
INFO: [ app_begin ] --END-- [ RunTime:0.001000s ]
INFO: [ view_parse ] --START--
INFO: [ template_filter ] --START--
INFO: Run Behavior\ContentReplaceBehavior [ RunTime:0.002000s ]
INFO: [ template_filter ] --END-- [ RunTime:0.002000s ]
NOTIC: [8] Undefined variable: pathInfo D:\wamp\wamp\www\frame\App\Runtime\Cache\Home\4aeea9a7bc98588fbecf62a753996b99.php 第 39 行.
INFO: Run Behavior\ParseTemplateBehavior [ RunTime:0.016001s ]
INFO: [ view_parse ] --END-- [ RunTime:0.016001s ]
INFO: [ view_filter ] --START--
INFO: Run Behavior\WriteHtmlCacheBehavior [ RunTime:0.001000s ]
INFO: [ view_filter ] --END-- [ RunTime:0.002000s ]
INFO: [ app_end ] --START--
INFO: Run Behavior\ShowPageTraceBehavior [ RunTime:0.002000s ]
INFO: [ app_end ] --END-- [ RunTime:0.002000s ]

[ 2016-11-18T13:11:59+08:00 ] ::1 /frame/index.php/Home/Index/index
INFO: [ app_init ] --START--
INFO: Run Behavior\BuildLiteBehavior [ RunTime:0.000000s ]
INFO: [ app_init ] --END-- [ RunTime:0.000000s ]
NOTIC: [8] Use of undefined constant TEMPLATE_PATH - assumed 'TEMPLATE_PATH' D:\wamp\wamp\www\frame\App\Home\Conf\config.php 第 5 行.
INFO: [ app_begin ] --START--
INFO: Run Behavior\ReadHtmlCacheBehavior [ RunTime:0.001000s ]
INFO: [ app_begin ] --END-- [ RunTime:0.001000s ]
INFO: [ view_parse ] --START--
INFO: [ template_filter ] --START--
INFO: Run Behavior\ContentReplaceBehavior [ RunTime:0.000000s ]
INFO: [ template_filter ] --END-- [ RunTime:0.000000s ]
NOTIC: [8] Undefined variable: pathInfo D:\wamp\wamp\www\frame\App\Runtime\Cache\Home\9681cafc69df69c97544217a8fe25d26.php 第 38 行.
NOTIC: [8] Undefined variable: user D:\wamp\wamp\www\frame\App\Runtime\Cache\Home\9681cafc69df69c97544217a8fe25d26.php 第 58 行.
NOTIC: [8] Undefined variable: user D:\wamp\wamp\www\frame\App\Runtime\Cache\Home\9681cafc69df69c97544217a8fe25d26.php 第 59 行.
NOTIC: [8] Undefined variable: cMenu D:\wamp\wamp\www\frame\App\Runtime\Cache\Home\9681cafc69df69c97544217a8fe25d26.php 第 95 行.
INFO: Run Behavior\ParseTemplateBehavior [ RunTime:0.018001s ]
INFO: [ view_parse ] --END-- [ RunTime:0.018001s ]
INFO: [ view_filter ] --START--
INFO: Run Behavior\WriteHtmlCacheBehavior [ RunTime:0.001000s ]
INFO: [ view_filter ] --END-- [ RunTime:0.001000s ]
INFO: [ app_end ] --START--
INFO: Run Behavior\ShowPageTraceBehavior [ RunTime:0.004000s ]
INFO: [ app_end ] --END-- [ RunTime:0.005001s ]

[ 2016-11-18T13:12:56+08:00 ] ::1 /frame/index.php/Home/Index/index
INFO: [ app_init ] --START--
INFO: Run Behavior\BuildLiteBehavior [ RunTime:0.000000s ]
INFO: [ app_init ] --END-- [ RunTime:0.000000s ]
NOTIC: [8] Use of undefined constant TEMPLATE_PATH - assumed 'TEMPLATE_PATH' D:\wamp\wamp\www\frame\App\Home\Conf\config.php 第 5 行.
INFO: [ app_begin ] --START--
INFO: Run Behavior\ReadHtmlCacheBehavior [ RunTime:0.002000s ]
INFO: [ app_begin ] --END-- [ RunTime:0.003000s ]
INFO: [ view_parse ] --START--
INFO: [ template_filter ] --START--
INFO: Run Behavior\ContentReplaceBehavior [ RunTime:0.001000s ]
INFO: [ template_filter ] --END-- [ RunTime:0.001000s ]
NOTIC: [8] Undefined variable: pathInfo D:\wamp\wamp\www\frame\App\Runtime\Cache\Home\9681cafc69df69c97544217a8fe25d26.php 第 38 行.
NOTIC: [8] Undefined variable: user D:\wamp\wamp\www\frame\App\Runtime\Cache\Home\9681cafc69df69c97544217a8fe25d26.php 第 58 行.
NOTIC: [8] Undefined variable: user D:\wamp\wamp\www\frame\App\Runtime\Cache\Home\9681cafc69df69c97544217a8fe25d26.php 第 59 行.
NOTIC: [8] Undefined variable: cMenu D:\wamp\wamp\www\frame\App\Runtime\Cache\Home\9681cafc69df69c97544217a8fe25d26.php 第 95 行.
INFO: Run Behavior\ParseTemplateBehavior [ RunTime:0.015001s ]
INFO: [ view_parse ] --END-- [ RunTime:0.015001s ]
INFO: [ view_filter ] --START--
INFO: Run Behavior\WriteHtmlCacheBehavior [ RunTime:0.000000s ]
INFO: [ view_filter ] --END-- [ RunTime:0.002000s ]
INFO: [ app_end ] --START--
INFO: Run Behavior\ShowPageTraceBehavior [ RunTime:0.001000s ]
INFO: [ app_end ] --END-- [ RunTime:0.001000s ]

[ 2016-11-18T13:12:56+08:00 ] ::1 /frame/index.php/Home/Index/home
INFO: [ app_init ] --START--
INFO: Run Behavior\BuildLiteBehavior [ RunTime:0.000000s ]
INFO: [ app_init ] --END-- [ RunTime:0.000000s ]
NOTIC: [8] Use of undefined constant TEMPLATE_PATH - assumed 'TEMPLATE_PATH' D:\wamp\wamp\www\frame\App\Home\Conf\config.php 第 5 行.
INFO: [ app_begin ] --START--
INFO: Run Behavior\ReadHtmlCacheBehavior [ RunTime:0.002000s ]
INFO: [ app_begin ] --END-- [ RunTime:0.003000s ]
INFO: [ view_parse ] --START--
INFO: [ template_filter ] --START--
INFO: Run Behavior\ContentReplaceBehavior [ RunTime:0.000000s ]
INFO: [ template_filter ] --END-- [ RunTime:0.001000s ]
NOTIC: [8] Undefined variable: pathInfo D:\wamp\wamp\www\frame\App\Runtime\Cache\Home\4aeea9a7bc98588fbecf62a753996b99.php 第 39 行.
INFO: Run Behavior\ParseTemplateBehavior [ RunTime:0.025002s ]
INFO: [ view_parse ] --END-- [ RunTime:0.025002s ]
INFO: [ view_filter ] --START--
INFO: Run Behavior\WriteHtmlCacheBehavior [ RunTime:0.003000s ]
INFO: [ view_filter ] --END-- [ RunTime:0.004000s ]
INFO: [ app_end ] --START--
INFO: Run Behavior\ShowPageTraceBehavior [ RunTime:0.005000s ]
INFO: [ app_end ] --END-- [ RunTime:0.005000s ]

[ 2016-11-18T13:12:57+08:00 ] ::1 /frame/index.php/Home/Index/index
INFO: [ app_init ] --START--
INFO: Run Behavior\BuildLiteBehavior [ RunTime:0.000000s ]
INFO: [ app_init ] --END-- [ RunTime:0.000000s ]
NOTIC: [8] Use of undefined constant TEMPLATE_PATH - assumed 'TEMPLATE_PATH' D:\wamp\wamp\www\frame\App\Home\Conf\config.php 第 5 行.
INFO: [ app_begin ] --START--
INFO: Run Behavior\ReadHtmlCacheBehavior [ RunTime:0.000000s ]
INFO: [ app_begin ] --END-- [ RunTime:0.002001s ]
INFO: [ view_parse ] --START--
INFO: [ template_filter ] --START--
INFO: Run Behavior\ContentReplaceBehavior [ RunTime:0.000000s ]
INFO: [ template_filter ] --END-- [ RunTime:0.001000s ]
NOTIC: [8] Undefined variable: pathInfo D:\wamp\wamp\www\frame\App\Runtime\Cache\Home\9681cafc69df69c97544217a8fe25d26.php 第 38 行.
NOTIC: [8] Undefined variable: user D:\wamp\wamp\www\frame\App\Runtime\Cache\Home\9681cafc69df69c97544217a8fe25d26.php 第 58 行.
NOTIC: [8] Undefined variable: user D:\wamp\wamp\www\frame\App\Runtime\Cache\Home\9681cafc69df69c97544217a8fe25d26.php 第 59 行.
NOTIC: [8] Undefined variable: cMenu D:\wamp\wamp\www\frame\App\Runtime\Cache\Home\9681cafc69df69c97544217a8fe25d26.php 第 95 行.
INFO: Run Behavior\ParseTemplateBehavior [ RunTime:0.016001s ]
INFO: [ view_parse ] --END-- [ RunTime:0.016001s ]
INFO: [ view_filter ] --START--
INFO: Run Behavior\WriteHtmlCacheBehavior [ RunTime:0.001000s ]
INFO: [ view_filter ] --END-- [ RunTime:0.001000s ]
INFO: [ app_end ] --START--
INFO: Run Behavior\ShowPageTraceBehavior [ RunTime:0.002000s ]
INFO: [ app_end ] --END-- [ RunTime:0.003000s ]

