[ 2016-11-16T16:23:26+08:00 ] ::1 /cloud-waf2.0/index.php/Home/Index/index
INFO: [ app_init ] --START--
INFO: Run Behavior\BuildLiteBehavior [ RunTime:0.000000s ]
INFO: [ app_init ] --END-- [ RunTime:0.001000s ]
NOTIC: [8] Use of undefined constant TEMPLATE_PATH - assumed 'TEMPLATE_PATH' D:\wamp\wamp\www\cloud-waf2.0\App\Home\Conf\config.php 第 5 行.
INFO: [ app_begin ] --START--
INFO: Run Behavior\ReadHtmlCacheBehavior [ RunTime:0.000000s ]
INFO: [ app_begin ] --END-- [ RunTime:0.002000s ]
INFO: [ view_parse ] --START--
INFO: [ template_filter ] --START--
INFO: Run Behavior\ContentReplaceBehavior [ RunTime:0.000000s ]
INFO: [ template_filter ] --END-- [ RunTime:0.000000s ]
NOTIC: [8] Undefined variable: pathInfo D:\wamp\wamp\www\cloud-waf2.0\App\Runtime\Cache\Home\9681cafc69df69c97544217a8fe25d26.php 第 38 行.
NOTIC: [8] Undefined variable: user D:\wamp\wamp\www\cloud-waf2.0\App\Runtime\Cache\Home\9681cafc69df69c97544217a8fe25d26.php 第 58 行.
NOTIC: [8] Undefined variable: user D:\wamp\wamp\www\cloud-waf2.0\App\Runtime\Cache\Home\9681cafc69df69c97544217a8fe25d26.php 第 59 行.
NOTIC: [8] Undefined variable: pMenu D:\wamp\wamp\www\cloud-waf2.0\App\Runtime\Cache\Home\9681cafc69df69c97544217a8fe25d26.php 第 76 行.
NOTIC: [8] Undefined variable: cMenu D:\wamp\wamp\www\cloud-waf2.0\App\Runtime\Cache\Home\9681cafc69df69c97544217a8fe25d26.php 第 89 行.
NOTIC: [8] Undefined variable: cMenu D:\wamp\wamp\www\cloud-waf2.0\App\Runtime\Cache\Home\9681cafc69df69c97544217a8fe25d26.php 第 92 行.
NOTIC: [8] Undefined variable: cMenu D:\wamp\wamp\www\cloud-waf2.0\App\Runtime\Cache\Home\9681cafc69df69c97544217a8fe25d26.php 第 95 行.
NOTIC: [8] Undefined variable: user D:\wamp\wamp\www\cloud-waf2.0\App\Runtime\Cache\Home\9681cafc69df69c97544217a8fe25d26.php 第 152 行.
NOTIC: [8] Undefined variable: user D:\wamp\wamp\www\cloud-waf2.0\App\Runtime\Cache\Home\9681cafc69df69c97544217a8fe25d26.php 第 152 行.
NOTIC: [8] Undefined variable: user D:\wamp\wamp\www\cloud-waf2.0\App\Runtime\Cache\Home\9681cafc69df69c97544217a8fe25d26.php 第 174 行.
NOTIC: [8] Undefined variable: user D:\wamp\wamp\www\cloud-waf2.0\App\Runtime\Cache\Home\9681cafc69df69c97544217a8fe25d26.php 第 174 行.
INFO: Run Behavior\ParseTemplateBehavior [ RunTime:0.073005s ]
INFO: [ view_parse ] --END-- [ RunTime:0.073005s ]
INFO: [ view_filter ] --START--
INFO: Run Behavior\WriteHtmlCacheBehavior [ RunTime:0.001000s ]
INFO: [ view_filter ] --END-- [ RunTime:0.001000s ]
INFO: [ app_end ] --START--
INFO: Run Behavior\ShowPageTraceBehavior [ RunTime:0.002000s ]
INFO: [ app_end ] --END-- [ RunTime:0.003000s ]

[ 2016-11-16T16:23:27+08:00 ] ::1 /cloud-waf2.0/index.php/Home/Index/index
INFO: [ app_init ] --START--
INFO: Run Behavior\BuildLiteBehavior [ RunTime:0.000000s ]
INFO: [ app_init ] --END-- [ RunTime:0.000000s ]
NOTIC: [8] Use of undefined constant TEMPLATE_PATH - assumed 'TEMPLATE_PATH' D:\wamp\wamp\www\cloud-waf2.0\App\Home\Conf\config.php 第 5 行.
INFO: [ app_begin ] --START--
INFO: Run Behavior\ReadHtmlCacheBehavior [ RunTime:0.000000s ]
INFO: [ app_begin ] --END-- [ RunTime:0.001000s ]
INFO: [ view_parse ] --START--
INFO: [ template_filter ] --START--
INFO: Run Behavior\ContentReplaceBehavior [ RunTime:0.000000s ]
INFO: [ template_filter ] --END-- [ RunTime:0.000000s ]
NOTIC: [8] Undefined variable: pathInfo D:\wamp\wamp\www\cloud-waf2.0\App\Runtime\Cache\Home\9681cafc69df69c97544217a8fe25d26.php 第 38 行.
NOTIC: [8] Undefined variable: user D:\wamp\wamp\www\cloud-waf2.0\App\Runtime\Cache\Home\9681cafc69df69c97544217a8fe25d26.php 第 58 行.
NOTIC: [8] Undefined variable: user D:\wamp\wamp\www\cloud-waf2.0\App\Runtime\Cache\Home\9681cafc69df69c97544217a8fe25d26.php 第 59 行.
NOTIC: [8] Undefined variable: pMenu D:\wamp\wamp\www\cloud-waf2.0\App\Runtime\Cache\Home\9681cafc69df69c97544217a8fe25d26.php 第 76 行.
NOTIC: [8] Undefined variable: cMenu D:\wamp\wamp\www\cloud-waf2.0\App\Runtime\Cache\Home\9681cafc69df69c97544217a8fe25d26.php 第 89 行.
NOTIC: [8] Undefined variable: cMenu D:\wamp\wamp\www\cloud-waf2.0\App\Runtime\Cache\Home\9681cafc69df69c97544217a8fe25d26.php 第 92 行.
NOTIC: [8] Undefined variable: cMenu D:\wamp\wamp\www\cloud-waf2.0\App\Runtime\Cache\Home\9681cafc69df69c97544217a8fe25d26.php 第 95 行.
NOTIC: [8] Undefined variable: user D:\wamp\wamp\www\cloud-waf2.0\App\Runtime\Cache\Home\9681cafc69df69c97544217a8fe25d26.php 第 152 行.
NOTIC: [8] Undefined variable: user D:\wamp\wamp\www\cloud-waf2.0\App\Runtime\Cache\Home\9681cafc69df69c97544217a8fe25d26.php 第 152 行.
NOTIC: [8] Undefined variable: user D:\wamp\wamp\www\cloud-waf2.0\App\Runtime\Cache\Home\9681cafc69df69c97544217a8fe25d26.php 第 174 行.
NOTIC: [8] Undefined variable: user D:\wamp\wamp\www\cloud-waf2.0\App\Runtime\Cache\Home\9681cafc69df69c97544217a8fe25d26.php 第 174 行.
INFO: Run Behavior\ParseTemplateBehavior [ RunTime:0.017001s ]
INFO: [ view_parse ] --END-- [ RunTime:0.017001s ]
INFO: [ view_filter ] --START--
INFO: Run Behavior\WriteHtmlCacheBehavior [ RunTime:0.001000s ]
INFO: [ view_filter ] --END-- [ RunTime:0.002000s ]
INFO: [ app_end ] --START--
INFO: Run Behavior\ShowPageTraceBehavior [ RunTime:0.002000s ]
INFO: [ app_end ] --END-- [ RunTime:0.002000s ]

[ 2016-11-16T19:57:17+08:00 ] ::1 /cloud-waf2.0/index.php/Home/Index/index
INFO: [ app_init ] --START--
INFO: Run Behavior\BuildLiteBehavior [ RunTime:0.000000s ]
INFO: [ app_init ] --END-- [ RunTime:0.000000s ]
NOTIC: [8] Use of undefined constant TEMPLATE_PATH - assumed 'TEMPLATE_PATH' D:\wamp\wamp\www\cloud-waf2.0\App\Home\Conf\config.php 第 5 行.
INFO: [ app_begin ] --START--
INFO: Run Behavior\ReadHtmlCacheBehavior [ RunTime:0.001000s ]
INFO: [ app_begin ] --END-- [ RunTime:0.002000s ]
INFO: [ view_parse ] --START--
INFO: [ template_filter ] --START--
INFO: Run Behavior\ContentReplaceBehavior [ RunTime:0.000000s ]
INFO: [ template_filter ] --END-- [ RunTime:0.001000s ]
NOTIC: [8] Undefined variable: pathInfo D:\wamp\wamp\www\cloud-waf2.0\App\Runtime\Cache\Home\9681cafc69df69c97544217a8fe25d26.php 第 38 行.
NOTIC: [8] Undefined variable: user D:\wamp\wamp\www\cloud-waf2.0\App\Runtime\Cache\Home\9681cafc69df69c97544217a8fe25d26.php 第 58 行.
NOTIC: [8] Undefined variable: user D:\wamp\wamp\www\cloud-waf2.0\App\Runtime\Cache\Home\9681cafc69df69c97544217a8fe25d26.php 第 59 行.
NOTIC: [8] Undefined variable: pMenu D:\wamp\wamp\www\cloud-waf2.0\App\Runtime\Cache\Home\9681cafc69df69c97544217a8fe25d26.php 第 76 行.
NOTIC: [8] Undefined variable: cMenu D:\wamp\wamp\www\cloud-waf2.0\App\Runtime\Cache\Home\9681cafc69df69c97544217a8fe25d26.php 第 89 行.
NOTIC: [8] Undefined variable: cMenu D:\wamp\wamp\www\cloud-waf2.0\App\Runtime\Cache\Home\9681cafc69df69c97544217a8fe25d26.php 第 92 行.
NOTIC: [8] Undefined variable: cMenu D:\wamp\wamp\www\cloud-waf2.0\App\Runtime\Cache\Home\9681cafc69df69c97544217a8fe25d26.php 第 95 行.
NOTIC: [8] Undefined variable: user D:\wamp\wamp\www\cloud-waf2.0\App\Runtime\Cache\Home\9681cafc69df69c97544217a8fe25d26.php 第 152 行.
NOTIC: [8] Undefined variable: user D:\wamp\wamp\www\cloud-waf2.0\App\Runtime\Cache\Home\9681cafc69df69c97544217a8fe25d26.php 第 152 行.
NOTIC: [8] Undefined variable: user D:\wamp\wamp\www\cloud-waf2.0\App\Runtime\Cache\Home\9681cafc69df69c97544217a8fe25d26.php 第 174 行.
NOTIC: [8] Undefined variable: user D:\wamp\wamp\www\cloud-waf2.0\App\Runtime\Cache\Home\9681cafc69df69c97544217a8fe25d26.php 第 174 行.
INFO: Run Behavior\ParseTemplateBehavior [ RunTime:0.018001s ]
INFO: [ view_parse ] --END-- [ RunTime:0.019001s ]
INFO: [ view_filter ] --START--
INFO: Run Behavior\WriteHtmlCacheBehavior [ RunTime:0.001000s ]
INFO: [ view_filter ] --END-- [ RunTime:0.001000s ]
INFO: [ app_end ] --START--
INFO: Run Behavior\ShowPageTraceBehavior [ RunTime:0.001001s ]
INFO: [ app_end ] --END-- [ RunTime:0.002001s ]

[ 2016-11-16T20:01:18+08:00 ] ::1 /cloud-waf2.0/index.php/Home/Index/index
INFO: [ app_init ] --START--
INFO: Run Behavior\BuildLiteBehavior [ RunTime:0.000000s ]
INFO: [ app_init ] --END-- [ RunTime:0.001000s ]
NOTIC: [8] Use of undefined constant TEMPLATE_PATH - assumed 'TEMPLATE_PATH' D:\wamp\wamp\www\cloud-waf2.0\App\Home\Conf\config.php 第 5 行.
INFO: [ app_begin ] --START--
INFO: Run Behavior\ReadHtmlCacheBehavior [ RunTime:0.001000s ]
INFO: [ app_begin ] --END-- [ RunTime:0.001000s ]
INFO: [ view_parse ] --START--
INFO: [ template_filter ] --START--
INFO: Run Behavior\ContentReplaceBehavior [ RunTime:0.000000s ]
INFO: [ template_filter ] --END-- [ RunTime:0.000000s ]
NOTIC: [8] Undefined variable: pathInfo D:\wamp\wamp\www\cloud-waf2.0\App\Runtime\Cache\Home\9681cafc69df69c97544217a8fe25d26.php 第 38 行.
NOTIC: [8] Undefined variable: user D:\wamp\wamp\www\cloud-waf2.0\App\Runtime\Cache\Home\9681cafc69df69c97544217a8fe25d26.php 第 58 行.
NOTIC: [8] Undefined variable: user D:\wamp\wamp\www\cloud-waf2.0\App\Runtime\Cache\Home\9681cafc69df69c97544217a8fe25d26.php 第 59 行.
NOTIC: [8] Undefined variable: pMenu D:\wamp\wamp\www\cloud-waf2.0\App\Runtime\Cache\Home\9681cafc69df69c97544217a8fe25d26.php 第 76 行.
NOTIC: [8] Undefined variable: cMenu D:\wamp\wamp\www\cloud-waf2.0\App\Runtime\Cache\Home\9681cafc69df69c97544217a8fe25d26.php 第 89 行.
NOTIC: [8] Undefined variable: cMenu D:\wamp\wamp\www\cloud-waf2.0\App\Runtime\Cache\Home\9681cafc69df69c97544217a8fe25d26.php 第 92 行.
NOTIC: [8] Undefined variable: cMenu D:\wamp\wamp\www\cloud-waf2.0\App\Runtime\Cache\Home\9681cafc69df69c97544217a8fe25d26.php 第 95 行.
NOTIC: [8] Undefined variable: user D:\wamp\wamp\www\cloud-waf2.0\App\Runtime\Cache\Home\9681cafc69df69c97544217a8fe25d26.php 第 152 行.
NOTIC: [8] Undefined variable: user D:\wamp\wamp\www\cloud-waf2.0\App\Runtime\Cache\Home\9681cafc69df69c97544217a8fe25d26.php 第 152 行.
NOTIC: [8] Undefined variable: user D:\wamp\wamp\www\cloud-waf2.0\App\Runtime\Cache\Home\9681cafc69df69c97544217a8fe25d26.php 第 174 行.
NOTIC: [8] Undefined variable: user D:\wamp\wamp\www\cloud-waf2.0\App\Runtime\Cache\Home\9681cafc69df69c97544217a8fe25d26.php 第 174 行.
INFO: Run Behavior\ParseTemplateBehavior [ RunTime:0.024001s ]
INFO: [ view_parse ] --END-- [ RunTime:0.024001s ]
INFO: [ view_filter ] --START--
INFO: Run Behavior\WriteHtmlCacheBehavior [ RunTime:0.001000s ]
INFO: [ view_filter ] --END-- [ RunTime:0.001000s ]
INFO: [ app_end ] --START--
INFO: Run Behavior\ShowPageTraceBehavior [ RunTime:0.001000s ]
INFO: [ app_end ] --END-- [ RunTime:0.002000s ]

[ 2016-11-16T20:01:20+08:00 ] ::1 /cloud-waf2.0/index.php/Home/Index/index
INFO: [ app_init ] --START--
INFO: Run Behavior\BuildLiteBehavior [ RunTime:0.000000s ]
INFO: [ app_init ] --END-- [ RunTime:0.001000s ]
NOTIC: [8] Use of undefined constant TEMPLATE_PATH - assumed 'TEMPLATE_PATH' D:\wamp\wamp\www\cloud-waf2.0\App\Home\Conf\config.php 第 5 行.
INFO: [ app_begin ] --START--
INFO: Run Behavior\ReadHtmlCacheBehavior [ RunTime:0.001000s ]
INFO: [ app_begin ] --END-- [ RunTime:0.001000s ]
INFO: [ view_parse ] --START--
INFO: [ template_filter ] --START--
INFO: Run Behavior\ContentReplaceBehavior [ RunTime:0.000000s ]
INFO: [ template_filter ] --END-- [ RunTime:0.001000s ]
NOTIC: [8] Undefined variable: pathInfo D:\wamp\wamp\www\cloud-waf2.0\App\Runtime\Cache\Home\9681cafc69df69c97544217a8fe25d26.php 第 38 行.
NOTIC: [8] Undefined variable: user D:\wamp\wamp\www\cloud-waf2.0\App\Runtime\Cache\Home\9681cafc69df69c97544217a8fe25d26.php 第 58 行.
NOTIC: [8] Undefined variable: user D:\wamp\wamp\www\cloud-waf2.0\App\Runtime\Cache\Home\9681cafc69df69c97544217a8fe25d26.php 第 59 行.
NOTIC: [8] Undefined variable: pMenu D:\wamp\wamp\www\cloud-waf2.0\App\Runtime\Cache\Home\9681cafc69df69c97544217a8fe25d26.php 第 76 行.
NOTIC: [8] Undefined variable: cMenu D:\wamp\wamp\www\cloud-waf2.0\App\Runtime\Cache\Home\9681cafc69df69c97544217a8fe25d26.php 第 89 行.
NOTIC: [8] Undefined variable: cMenu D:\wamp\wamp\www\cloud-waf2.0\App\Runtime\Cache\Home\9681cafc69df69c97544217a8fe25d26.php 第 92 行.
NOTIC: [8] Undefined variable: cMenu D:\wamp\wamp\www\cloud-waf2.0\App\Runtime\Cache\Home\9681cafc69df69c97544217a8fe25d26.php 第 95 行.
NOTIC: [8] Undefined variable: user D:\wamp\wamp\www\cloud-waf2.0\App\Runtime\Cache\Home\9681cafc69df69c97544217a8fe25d26.php 第 152 行.
NOTIC: [8] Undefined variable: user D:\wamp\wamp\www\cloud-waf2.0\App\Runtime\Cache\Home\9681cafc69df69c97544217a8fe25d26.php 第 152 行.
NOTIC: [8] Undefined variable: user D:\wamp\wamp\www\cloud-waf2.0\App\Runtime\Cache\Home\9681cafc69df69c97544217a8fe25d26.php 第 174 行.
NOTIC: [8] Undefined variable: user D:\wamp\wamp\www\cloud-waf2.0\App\Runtime\Cache\Home\9681cafc69df69c97544217a8fe25d26.php 第 174 行.
INFO: Run Behavior\ParseTemplateBehavior [ RunTime:0.021001s ]
INFO: [ view_parse ] --END-- [ RunTime:0.021001s ]
INFO: [ view_filter ] --START--
INFO: Run Behavior\WriteHtmlCacheBehavior [ RunTime:0.002000s ]
INFO: [ view_filter ] --END-- [ RunTime:0.002000s ]
INFO: [ app_end ] --START--
INFO: Run Behavior\ShowPageTraceBehavior [ RunTime:0.002000s ]
INFO: [ app_end ] --END-- [ RunTime:0.002000s ]

[ 2016-11-16T20:01:22+08:00 ] ::1 /cloud-waf2.0/index.php/Home/Index/index
INFO: [ app_init ] --START--
INFO: Run Behavior\BuildLiteBehavior [ RunTime:0.000000s ]
INFO: [ app_init ] --END-- [ RunTime:0.000000s ]
NOTIC: [8] Use of undefined constant TEMPLATE_PATH - assumed 'TEMPLATE_PATH' D:\wamp\wamp\www\cloud-waf2.0\App\Home\Conf\config.php 第 5 行.
INFO: [ app_begin ] --START--
INFO: Run Behavior\ReadHtmlCacheBehavior [ RunTime:0.001000s ]
INFO: [ app_begin ] --END-- [ RunTime:0.001000s ]
INFO: [ view_parse ] --START--
INFO: [ template_filter ] --START--
INFO: Run Behavior\ContentReplaceBehavior [ RunTime:0.000000s ]
INFO: [ template_filter ] --END-- [ RunTime:0.001000s ]
NOTIC: [8] Undefined variable: pathInfo D:\wamp\wamp\www\cloud-waf2.0\App\Runtime\Cache\Home\9681cafc69df69c97544217a8fe25d26.php 第 38 行.
NOTIC: [8] Undefined variable: user D:\wamp\wamp\www\cloud-waf2.0\App\Runtime\Cache\Home\9681cafc69df69c97544217a8fe25d26.php 第 58 行.
NOTIC: [8] Undefined variable: user D:\wamp\wamp\www\cloud-waf2.0\App\Runtime\Cache\Home\9681cafc69df69c97544217a8fe25d26.php 第 59 行.
NOTIC: [8] Undefined variable: pMenu D:\wamp\wamp\www\cloud-waf2.0\App\Runtime\Cache\Home\9681cafc69df69c97544217a8fe25d26.php 第 76 行.
NOTIC: [8] Undefined variable: cMenu D:\wamp\wamp\www\cloud-waf2.0\App\Runtime\Cache\Home\9681cafc69df69c97544217a8fe25d26.php 第 89 行.
NOTIC: [8] Undefined variable: cMenu D:\wamp\wamp\www\cloud-waf2.0\App\Runtime\Cache\Home\9681cafc69df69c97544217a8fe25d26.php 第 92 行.
NOTIC: [8] Undefined variable: cMenu D:\wamp\wamp\www\cloud-waf2.0\App\Runtime\Cache\Home\9681cafc69df69c97544217a8fe25d26.php 第 95 行.
NOTIC: [8] Undefined variable: user D:\wamp\wamp\www\cloud-waf2.0\App\Runtime\Cache\Home\9681cafc69df69c97544217a8fe25d26.php 第 152 行.
NOTIC: [8] Undefined variable: user D:\wamp\wamp\www\cloud-waf2.0\App\Runtime\Cache\Home\9681cafc69df69c97544217a8fe25d26.php 第 152 行.
NOTIC: [8] Undefined variable: user D:\wamp\wamp\www\cloud-waf2.0\App\Runtime\Cache\Home\9681cafc69df69c97544217a8fe25d26.php 第 174 行.
NOTIC: [8] Undefined variable: user D:\wamp\wamp\www\cloud-waf2.0\App\Runtime\Cache\Home\9681cafc69df69c97544217a8fe25d26.php 第 174 行.
INFO: Run Behavior\ParseTemplateBehavior [ RunTime:0.022001s ]
INFO: [ view_parse ] --END-- [ RunTime:0.022001s ]
INFO: [ view_filter ] --START--
INFO: Run Behavior\WriteHtmlCacheBehavior [ RunTime:0.002000s ]
INFO: [ view_filter ] --END-- [ RunTime:0.002000s ]
INFO: [ app_end ] --START--
INFO: Run Behavior\ShowPageTraceBehavior [ RunTime:0.002000s ]
INFO: [ app_end ] --END-- [ RunTime:0.003000s ]

[ 2016-11-16T20:01:25+08:00 ] ::1 /cloud-waf2.0/index.php/Home/Index/index
INFO: [ app_init ] --START--
INFO: Run Behavior\BuildLiteBehavior [ RunTime:0.000000s ]
INFO: [ app_init ] --END-- [ RunTime:0.001000s ]
NOTIC: [8] Use of undefined constant TEMPLATE_PATH - assumed 'TEMPLATE_PATH' D:\wamp\wamp\www\cloud-waf2.0\App\Home\Conf\config.php 第 5 行.
INFO: [ app_begin ] --START--
INFO: Run Behavior\ReadHtmlCacheBehavior [ RunTime:0.002000s ]
INFO: [ app_begin ] --END-- [ RunTime:0.002000s ]
INFO: [ view_parse ] --START--
INFO: [ template_filter ] --START--
INFO: Run Behavior\ContentReplaceBehavior [ RunTime:0.000000s ]
INFO: [ template_filter ] --END-- [ RunTime:0.000000s ]
NOTIC: [8] Undefined variable: pathInfo D:\wamp\wamp\www\cloud-waf2.0\App\Runtime\Cache\Home\9681cafc69df69c97544217a8fe25d26.php 第 38 行.
NOTIC: [8] Undefined variable: user D:\wamp\wamp\www\cloud-waf2.0\App\Runtime\Cache\Home\9681cafc69df69c97544217a8fe25d26.php 第 58 行.
NOTIC: [8] Undefined variable: user D:\wamp\wamp\www\cloud-waf2.0\App\Runtime\Cache\Home\9681cafc69df69c97544217a8fe25d26.php 第 59 行.
NOTIC: [8] Undefined variable: pMenu D:\wamp\wamp\www\cloud-waf2.0\App\Runtime\Cache\Home\9681cafc69df69c97544217a8fe25d26.php 第 76 行.
NOTIC: [8] Undefined variable: cMenu D:\wamp\wamp\www\cloud-waf2.0\App\Runtime\Cache\Home\9681cafc69df69c97544217a8fe25d26.php 第 89 行.
NOTIC: [8] Undefined variable: cMenu D:\wamp\wamp\www\cloud-waf2.0\App\Runtime\Cache\Home\9681cafc69df69c97544217a8fe25d26.php 第 92 行.
NOTIC: [8] Undefined variable: cMenu D:\wamp\wamp\www\cloud-waf2.0\App\Runtime\Cache\Home\9681cafc69df69c97544217a8fe25d26.php 第 95 行.
NOTIC: [8] Undefined variable: user D:\wamp\wamp\www\cloud-waf2.0\App\Runtime\Cache\Home\9681cafc69df69c97544217a8fe25d26.php 第 152 行.
NOTIC: [8] Undefined variable: user D:\wamp\wamp\www\cloud-waf2.0\App\Runtime\Cache\Home\9681cafc69df69c97544217a8fe25d26.php 第 152 行.
NOTIC: [8] Undefined variable: user D:\wamp\wamp\www\cloud-waf2.0\App\Runtime\Cache\Home\9681cafc69df69c97544217a8fe25d26.php 第 174 行.
NOTIC: [8] Undefined variable: user D:\wamp\wamp\www\cloud-waf2.0\App\Runtime\Cache\Home\9681cafc69df69c97544217a8fe25d26.php 第 174 行.
INFO: Run Behavior\ParseTemplateBehavior [ RunTime:0.021001s ]
INFO: [ view_parse ] --END-- [ RunTime:0.021001s ]
INFO: [ view_filter ] --START--
INFO: Run Behavior\WriteHtmlCacheBehavior [ RunTime:0.001000s ]
INFO: [ view_filter ] --END-- [ RunTime:0.001000s ]
INFO: [ app_end ] --START--
INFO: Run Behavior\ShowPageTraceBehavior [ RunTime:0.002000s ]
INFO: [ app_end ] --END-- [ RunTime:0.003000s ]

