[ 2016-12-05T08:37:07+08:00 ] ::1 /doc/
INFO: [ app_init ] --START--
INFO: Run Behavior\BuildLiteBehavior [ RunTime:0.000000s ]
INFO: [ app_init ] --END-- [ RunTime:0.003000s ]
INFO: [ app_begin ] --START--
INFO: Run Behavior\ReadHtmlCacheBehavior [ RunTime:0.002001s ]
INFO: [ app_begin ] --END-- [ RunTime:0.003001s ]
INFO: [ view_parse ] --START--
INFO: [ template_filter ] --START--
INFO: Run Behavior\ContentReplaceBehavior [ RunTime:0.001001s ]
INFO: [ template_filter ] --END-- [ RunTime:0.001001s ]
NOTIC: [8] Undefined variable: item D:\wamp\www\doc\Application\Runtime\Cache\Home\2a94b8bda04ff446dcedd42276fc99ee.php 第 5 行.
INFO: Run Behavior\ParseTemplateBehavior [ RunTime:0.058003s ]
INFO: [ view_parse ] --END-- [ RunTime:0.058003s ]
INFO: [ view_filter ] --START--
INFO: Run Behavior\WriteHtmlCacheBehavior [ RunTime:0.001000s ]
INFO: [ view_filter ] --END-- [ RunTime:0.001000s ]
INFO: [ app_end ] --START--
INFO: Run Behavior\ShowPageTraceBehavior [ RunTime:0.002000s ]
INFO: [ app_end ] --END-- [ RunTime:0.002000s ]

[ 2016-12-05T08:37:09+08:00 ] ::1 /doc/index.php/Home/User/login
INFO: [ app_init ] --START--
INFO: Run Behavior\BuildLiteBehavior [ RunTime:0.000000s ]
INFO: [ app_init ] --END-- [ RunTime:0.001001s ]
INFO: [ app_begin ] --START--
INFO: Run Behavior\ReadHtmlCacheBehavior [ RunTime:0.001000s ]
INFO: [ app_begin ] --END-- [ RunTime:0.001000s ]
INFO: [ view_parse ] --START--
INFO: [ template_filter ] --START--
INFO: Run Behavior\ContentReplaceBehavior [ RunTime:0.000000s ]
INFO: [ template_filter ] --END-- [ RunTime:0.001000s ]
NOTIC: [8] Undefined variable: item D:\wamp\www\doc\Application\Runtime\Cache\Home\5c9ee6d19cd41add49f97afe3aef0b25.php 第 5 行.
INFO: Run Behavior\ParseTemplateBehavior [ RunTime:0.010000s ]
INFO: [ view_parse ] --END-- [ RunTime:0.011000s ]
INFO: [ view_filter ] --START--
INFO: Run Behavior\WriteHtmlCacheBehavior [ RunTime:0.001000s ]
INFO: [ view_filter ] --END-- [ RunTime:0.001000s ]
INFO: [ app_end ] --START--
INFO: Run Behavior\ShowPageTraceBehavior [ RunTime:0.001000s ]
INFO: [ app_end ] --END-- [ RunTime:0.001000s ]

[ 2016-12-05T08:37:17+08:00 ] ::1 /doc/index.php/Home/User/login
INFO: [ app_init ] --START--
INFO: Run Behavior\BuildLiteBehavior [ RunTime:0.000000s ]
INFO: [ app_init ] --END-- [ RunTime:0.001000s ]
INFO: [ app_begin ] --START--
INFO: Run Behavior\ReadHtmlCacheBehavior [ RunTime:0.001000s ]
INFO: [ app_begin ] --END-- [ RunTime:0.001000s ]
SQL: SHOW COLUMNS FROM `user` [ RunTime:0.0550s ]
SQL: SELECT * FROM `user` WHERE ( username='admin' and password='3301b6afb2fcc3a63ab6220946b93153' ) LIMIT 1   [ RunTime:0.0080s ]
SQL: UPDATE `user` SET `last_login_time`='1480898237',`cookie_token`='998058c64ff292c8e5230f3d0eaf7342',`cookie_token_expire`='1488674237' WHERE (  uid = '2'  ) [ RunTime:0.0170s ]
INFO: [ view_parse ] --START--
INFO: [ template_filter ] --START--
INFO: Run Behavior\ContentReplaceBehavior [ RunTime:0.001000s ]
INFO: [ template_filter ] --END-- [ RunTime:0.001000s ]
NOTIC: [8] Undefined variable: item D:\wamp\www\doc\Application\Runtime\Cache\Home\5a9f336485c4fa7b9cca3aec6fd24f39.php 第 6 行.
NOTIC: [8] Undefined variable: type D:\wamp\www\doc\Application\Runtime\Cache\Home\5a9f336485c4fa7b9cca3aec6fd24f39.php 第 47 行.
INFO: Run Behavior\ParseTemplateBehavior [ RunTime:0.027001s ]
INFO: [ view_parse ] --END-- [ RunTime:0.028001s ]
INFO: [ view_filter ] --START--
INFO: Run Behavior\WriteHtmlCacheBehavior [ RunTime:0.002001s ]
INFO: [ view_filter ] --END-- [ RunTime:0.002001s ]
INFO: [ app_end ] --START--
INFO: Run Behavior\ShowPageTraceBehavior [ RunTime:0.001000s ]
INFO: [ app_end ] --END-- [ RunTime:0.001000s ]

[ 2016-12-05T08:37:19+08:00 ] ::1 /doc/index.php/Home/Item/index
INFO: [ app_init ] --START--
INFO: Run Behavior\BuildLiteBehavior [ RunTime:0.000000s ]
INFO: [ app_init ] --END-- [ RunTime:0.001000s ]
INFO: [ app_begin ] --START--
INFO: Run Behavior\ReadHtmlCacheBehavior [ RunTime:0.001000s ]
INFO: [ app_begin ] --END-- [ RunTime:0.001000s ]
NOTIC: [2048] Declaration of Home\Controller\ItemController::show() should be compatible with Think\Controller::show($content, $charset = '', $contentType = '', $prefix = '') D:\wamp\www\doc\Application\Home\Controller\ItemController.class.php 第 4 行.
SQL: SHOW COLUMNS FROM `item` [ RunTime:0.0030s ]
SQL: SELECT * FROM `item` WHERE ( uid = '2' or item_id in ( select item_id from item_member where uid = '2' )  )  [ RunTime:0.0080s ]
INFO: [ view_parse ] --START--
INFO: [ template_filter ] --START--
INFO: Run Behavior\ContentReplaceBehavior [ RunTime:0.000000s ]
INFO: [ template_filter ] --END-- [ RunTime:0.000000s ]
NOTIC: [8] Undefined variable: item D:\wamp\www\doc\Application\Runtime\Cache\Home\fbd4024b257c0eb32531d23fc561bc4e.php 第 5 行.
INFO: Run Behavior\ParseTemplateBehavior [ RunTime:0.010001s ]
INFO: [ view_parse ] --END-- [ RunTime:0.010001s ]
INFO: [ view_filter ] --START--
INFO: Run Behavior\WriteHtmlCacheBehavior [ RunTime:0.000000s ]
INFO: [ view_filter ] --END-- [ RunTime:0.000000s ]
INFO: [ app_end ] --START--
INFO: Run Behavior\ShowPageTraceBehavior [ RunTime:0.000000s ]
INFO: [ app_end ] --END-- [ RunTime:0.000000s ]

