[ 2017-08-18T10:30:12+08:00 ] ::1 /doc/
INFO: [ app_init ] --START--
INFO: Run Behavior\BuildLiteBehavior [ RunTime:0.000000s ]
INFO: [ app_init ] --END-- [ RunTime:0.001000s ]
INFO: [ app_begin ] --START--
INFO: Run Behavior\ReadHtmlCacheBehavior [ RunTime:0.000000s ]
INFO: [ app_begin ] --END-- [ RunTime:0.000000s ]
SQL: SHOW COLUMNS FROM `user` [ RunTime:0.0190s ]
SQL: SELECT * FROM `user` WHERE ( cookie_token = '03cfcb1dc368abdd69befa7b47baef8b'  ) LIMIT 1   [ RunTime:0.0010s ]
INFO: [ view_parse ] --START--
INFO: [ template_filter ] --START--
INFO: Run Behavior\ContentReplaceBehavior [ RunTime:0.000000s ]
INFO: [ template_filter ] --END-- [ RunTime:0.001000s ]
NOTIC: [8] Undefined variable: item D:\wamp\www\doc\Application\Runtime\Cache\Home\2a94b8bda04ff446dcedd42276fc99ee.php 第 5 行.
INFO: Run Behavior\ParseTemplateBehavior [ RunTime:0.014001s ]
INFO: [ view_parse ] --END-- [ RunTime:0.014001s ]
INFO: [ view_filter ] --START--
INFO: Run Behavior\WriteHtmlCacheBehavior [ RunTime:0.000000s ]
INFO: [ view_filter ] --END-- [ RunTime:0.001000s ]
INFO: [ app_end ] --START--
INFO: Run Behavior\ShowPageTraceBehavior [ RunTime:0.000000s ]
INFO: [ app_end ] --END-- [ RunTime:0.000000s ]

[ 2017-08-18T10:30:19+08:00 ] ::1 /doc/index.php/Home/Item/index
INFO: [ app_init ] --START--
INFO: Run Behavior\BuildLiteBehavior [ RunTime:0.000000s ]
INFO: [ app_init ] --END-- [ RunTime:0.001000s ]
INFO: [ app_begin ] --START--
INFO: Run Behavior\ReadHtmlCacheBehavior [ RunTime:0.000000s ]
INFO: [ app_begin ] --END-- [ RunTime:0.001000s ]
NOTIC: [2048] Declaration of Home\Controller\ItemController::show() should be compatible with Think\Controller::show($content, $charset = '', $contentType = '', $prefix = '') D:\wamp\www\doc\Application\Home\Controller\ItemController.class.php 第 4 行.
SQL: SHOW COLUMNS FROM `item` [ RunTime:0.0040s ]
SQL: SELECT * FROM `item` WHERE ( uid = '2' or item_id in ( select item_id from item_member where uid = '2' )  )  [ RunTime:0.0090s ]
INFO: [ view_parse ] --START--
INFO: [ template_filter ] --START--
INFO: Run Behavior\ContentReplaceBehavior [ RunTime:0.000000s ]
INFO: [ template_filter ] --END-- [ RunTime:0.000000s ]
NOTIC: [8] Undefined variable: item D:\wamp\www\doc\Application\Runtime\Cache\Home\fbd4024b257c0eb32531d23fc561bc4e.php 第 5 行.
INFO: Run Behavior\ParseTemplateBehavior [ RunTime:0.012000s ]
INFO: [ view_parse ] --END-- [ RunTime:0.012000s ]
INFO: [ view_filter ] --START--
INFO: Run Behavior\WriteHtmlCacheBehavior [ RunTime:0.000000s ]
INFO: [ view_filter ] --END-- [ RunTime:0.000000s ]
INFO: [ app_end ] --START--
INFO: Run Behavior\ShowPageTraceBehavior [ RunTime:0.000000s ]
INFO: [ app_end ] --END-- [ RunTime:0.000000s ]

[ 2017-08-18T10:30:22+08:00 ] ::1 /doc/index.php/Home/Item/add
INFO: [ app_init ] --START--
INFO: Run Behavior\BuildLiteBehavior [ RunTime:0.000000s ]
INFO: [ app_init ] --END-- [ RunTime:0.001000s ]
INFO: [ app_begin ] --START--
INFO: Run Behavior\ReadHtmlCacheBehavior [ RunTime:0.002000s ]
INFO: [ app_begin ] --END-- [ RunTime:0.002000s ]
NOTIC: [2048] Declaration of Home\Controller\ItemController::show() should be compatible with Think\Controller::show($content, $charset = '', $contentType = '', $prefix = '') D:\wamp\www\doc\Application\Home\Controller\ItemController.class.php 第 4 行.
SQL: SHOW COLUMNS FROM `item` [ RunTime:0.0030s ]
SQL: SELECT * FROM `item` WHERE ( item_id = ''  ) LIMIT 1   [ RunTime:0.0010s ]
INFO: [ view_parse ] --START--
INFO: [ template_filter ] --START--
INFO: Run Behavior\ContentReplaceBehavior [ RunTime:0.000000s ]
INFO: [ template_filter ] --END-- [ RunTime:0.000000s ]
INFO: Run Behavior\ParseTemplateBehavior [ RunTime:0.020002s ]
INFO: [ view_parse ] --END-- [ RunTime:0.020002s ]
INFO: [ view_filter ] --START--
INFO: Run Behavior\WriteHtmlCacheBehavior [ RunTime:0.001000s ]
INFO: [ view_filter ] --END-- [ RunTime:0.001000s ]
INFO: [ app_end ] --START--
INFO: Run Behavior\ShowPageTraceBehavior [ RunTime:0.001000s ]
INFO: [ app_end ] --END-- [ RunTime:0.001000s ]

[ 2017-08-18T10:30:26+08:00 ] ::1 /doc/index.php/Home/Item/Show?item_id=23
INFO: [ app_init ] --START--
INFO: Run Behavior\BuildLiteBehavior [ RunTime:0.000000s ]
INFO: [ app_init ] --END-- [ RunTime:0.001000s ]
INFO: [ app_begin ] --START--
INFO: Run Behavior\ReadHtmlCacheBehavior [ RunTime:0.001000s ]
INFO: [ app_begin ] --END-- [ RunTime:0.001000s ]
NOTIC: [2048] Declaration of Home\Controller\ItemController::show() should be compatible with Think\Controller::show($content, $charset = '', $contentType = '', $prefix = '') D:\wamp\www\doc\Application\Home\Controller\ItemController.class.php 第 4 行.
SQL: SHOW COLUMNS FROM `item` [ RunTime:0.0020s ]
SQL: SELECT * FROM `item` WHERE ( item_id = '23'  ) LIMIT 1   [ RunTime:0.0000s ]
SQL: SELECT * FROM `item` WHERE ( item_id = '23'  ) LIMIT 1   [ RunTime:0.0000s ]
SQL: SHOW COLUMNS FROM `page` [ RunTime:0.0120s ]
SQL: SELECT * FROM `page` WHERE ( cat_id = '0' and item_id = '23'  ) ORDER BY  `order` asc    [ RunTime:0.0000s ]
SQL: SHOW COLUMNS FROM `catalog` [ RunTime:0.0100s ]
SQL: SELECT * FROM `catalog` WHERE ( item_id = '23'  ) ORDER BY  `order` asc    [ RunTime:0.0010s ]
SQL: SELECT * FROM `item` WHERE ( item_id = '23'  ) LIMIT 1   [ RunTime:0.0010s ]
INFO: [ view_parse ] --START--
INFO: [ template_filter ] --START--
INFO: Run Behavior\ContentReplaceBehavior [ RunTime:0.001000s ]
INFO: [ template_filter ] --END-- [ RunTime:0.001000s ]
NOTIC: [8] Undefined variable: page_id D:\wamp\www\doc\Application\Runtime\Cache\Home\a45e27ab7210323bbf6beb0424918ca7.php 第 99 行.
INFO: Run Behavior\ParseTemplateBehavior [ RunTime:0.017001s ]
INFO: [ view_parse ] --END-- [ RunTime:0.018001s ]
INFO: [ view_filter ] --START--
INFO: Run Behavior\WriteHtmlCacheBehavior [ RunTime:0.000000s ]
INFO: [ view_filter ] --END-- [ RunTime:0.000000s ]
INFO: [ app_end ] --START--
INFO: Run Behavior\ShowPageTraceBehavior [ RunTime:0.000000s ]
INFO: [ app_end ] --END-- [ RunTime:0.001000s ]

[ 2017-08-18T10:30:27+08:00 ] ::1 /doc/index.php/Home/page/index?page_id=194
INFO: [ app_init ] --START--
INFO: Run Behavior\BuildLiteBehavior [ RunTime:0.000000s ]
INFO: [ app_init ] --END-- [ RunTime:0.000000s ]
INFO: [ app_begin ] --START--
INFO: Run Behavior\ReadHtmlCacheBehavior [ RunTime:0.001000s ]
INFO: [ app_begin ] --END-- [ RunTime:0.001000s ]
SQL: SHOW COLUMNS FROM `page` [ RunTime:0.0030s ]
SQL: SELECT * FROM `page` WHERE (  page_id = '194'  ) LIMIT 1   [ RunTime:0.0000s ]
INFO: [ view_parse ] --START--
INFO: [ template_filter ] --START--
INFO: Run Behavior\ContentReplaceBehavior [ RunTime:0.000000s ]
INFO: [ template_filter ] --END-- [ RunTime:0.001000s ]
NOTIC: [8] Undefined variable: item D:\wamp\www\doc\Application\Runtime\Cache\Home\68bce0ec7afdf8798ef65138f610dc8c.php 第 5 行.
INFO: Run Behavior\ParseTemplateBehavior [ RunTime:0.007000s ]
INFO: [ view_parse ] --END-- [ RunTime:0.007000s ]
INFO: [ view_filter ] --START--
INFO: Run Behavior\WriteHtmlCacheBehavior [ RunTime:0.000000s ]
INFO: [ view_filter ] --END-- [ RunTime:0.001000s ]
INFO: [ app_end ] --START--
INFO: Run Behavior\ShowPageTraceBehavior [ RunTime:0.000000s ]
INFO: [ app_end ] --END-- [ RunTime:0.000000s ]

[ 2017-08-18T10:30:31+08:00 ] ::1 /doc/index.php/Home/page/index?page_id=195
INFO: [ app_init ] --START--
INFO: Run Behavior\BuildLiteBehavior [ RunTime:0.000000s ]
INFO: [ app_init ] --END-- [ RunTime:0.001000s ]
INFO: [ app_begin ] --START--
INFO: Run Behavior\ReadHtmlCacheBehavior [ RunTime:0.001000s ]
INFO: [ app_begin ] --END-- [ RunTime:0.001000s ]
SQL: SHOW COLUMNS FROM `page` [ RunTime:0.0030s ]
SQL: SELECT * FROM `page` WHERE (  page_id = '195'  ) LIMIT 1   [ RunTime:0.0000s ]
INFO: [ view_parse ] --START--
INFO: [ template_filter ] --START--
INFO: Run Behavior\ContentReplaceBehavior [ RunTime:0.000000s ]
INFO: [ template_filter ] --END-- [ RunTime:0.000000s ]
NOTIC: [8] Undefined variable: item D:\wamp\www\doc\Application\Runtime\Cache\Home\68bce0ec7afdf8798ef65138f610dc8c.php 第 5 行.
INFO: Run Behavior\ParseTemplateBehavior [ RunTime:0.006001s ]
INFO: [ view_parse ] --END-- [ RunTime:0.007001s ]
INFO: [ view_filter ] --START--
INFO: Run Behavior\WriteHtmlCacheBehavior [ RunTime:0.000000s ]
INFO: [ view_filter ] --END-- [ RunTime:0.000000s ]
INFO: [ app_end ] --START--
INFO: Run Behavior\ShowPageTraceBehavior [ RunTime:0.001000s ]
INFO: [ app_end ] --END-- [ RunTime:0.001000s ]

[ 2017-08-18T10:30:36+08:00 ] ::1 /doc/index.php/Home/page/index?page_id=194
INFO: [ app_init ] --START--
INFO: Run Behavior\BuildLiteBehavior [ RunTime:0.000000s ]
INFO: [ app_init ] --END-- [ RunTime:0.001000s ]
INFO: [ app_begin ] --START--
INFO: Run Behavior\ReadHtmlCacheBehavior [ RunTime:0.001000s ]
INFO: [ app_begin ] --END-- [ RunTime:0.002000s ]
SQL: SHOW COLUMNS FROM `page` [ RunTime:0.0030s ]
SQL: SELECT * FROM `page` WHERE (  page_id = '194'  ) LIMIT 1   [ RunTime:0.0010s ]
INFO: [ view_parse ] --START--
INFO: [ template_filter ] --START--
INFO: Run Behavior\ContentReplaceBehavior [ RunTime:0.000000s ]
INFO: [ template_filter ] --END-- [ RunTime:0.001001s ]
NOTIC: [8] Undefined variable: item D:\wamp\www\doc\Application\Runtime\Cache\Home\68bce0ec7afdf8798ef65138f610dc8c.php 第 5 行.
INFO: Run Behavior\ParseTemplateBehavior [ RunTime:0.007001s ]
INFO: [ view_parse ] --END-- [ RunTime:0.007001s ]
INFO: [ view_filter ] --START--
INFO: Run Behavior\WriteHtmlCacheBehavior [ RunTime:0.001000s ]
INFO: [ view_filter ] --END-- [ RunTime:0.001000s ]
INFO: [ app_end ] --START--
INFO: Run Behavior\ShowPageTraceBehavior [ RunTime:0.001000s ]
INFO: [ app_end ] --END-- [ RunTime:0.001000s ]

[ 2017-08-18T10:31:25+08:00 ] ::1 /doc/index.php/Home/Page/edit?item_id=23&type=new
INFO: [ app_init ] --START--
INFO: Run Behavior\BuildLiteBehavior [ RunTime:0.000000s ]
INFO: [ app_init ] --END-- [ RunTime:0.001000s ]
INFO: [ app_begin ] --START--
INFO: Run Behavior\ReadHtmlCacheBehavior [ RunTime:0.001000s ]
INFO: [ app_begin ] --END-- [ RunTime:0.001000s ]
SQL: SHOW COLUMNS FROM `page` [ RunTime:0.0030s ]
SQL: SELECT * FROM `page` WHERE (  author_uid ='2' and 23 = '23'  ) ORDER BY  addtime desc  LIMIT 1   [ RunTime:0.0000s ]
NOTIC: [8] Undefined variable: page D:\wamp\www\doc\Application\Home\Controller\PageController.class.php 第 62 行.
NOTIC: [8] Undefined variable: page D:\wamp\www\doc\Application\Home\Controller\PageController.class.php 第 71 行.
INFO: [ view_parse ] --START--
INFO: [ template_filter ] --START--
INFO: Run Behavior\ContentReplaceBehavior [ RunTime:0.001000s ]
INFO: [ template_filter ] --END-- [ RunTime:0.001000s ]
NOTIC: [8] Undefined variable: item D:\wamp\www\doc\Application\Runtime\Cache\Home\647ced87fad8125be8d20ab06e614491.php 第 5 行.
INFO: Run Behavior\ParseTemplateBehavior [ RunTime:0.020001s ]
INFO: [ view_parse ] --END-- [ RunTime:0.020001s ]
INFO: [ view_filter ] --START--
INFO: Run Behavior\WriteHtmlCacheBehavior [ RunTime:0.000000s ]
INFO: [ view_filter ] --END-- [ RunTime:0.000000s ]
INFO: [ app_end ] --START--
INFO: Run Behavior\ShowPageTraceBehavior [ RunTime:0.001001s ]
INFO: [ app_end ] --END-- [ RunTime:0.001001s ]

[ 2017-08-18T10:31:25+08:00 ] ::1 /doc/index.php/Home/catalog/catList?item_id=23
INFO: [ app_init ] --START--
INFO: Run Behavior\BuildLiteBehavior [ RunTime:0.000000s ]
INFO: [ app_init ] --END-- [ RunTime:0.000000s ]
INFO: [ app_begin ] --START--
INFO: Run Behavior\ReadHtmlCacheBehavior [ RunTime:0.001000s ]
INFO: [ app_begin ] --END-- [ RunTime:0.001000s ]
SQL: SHOW COLUMNS FROM `catalog` [ RunTime:0.0040s ]
SQL: SELECT * FROM `catalog` WHERE (  item_id = '23'  ) ORDER BY  'order', addtime asc    [ RunTime:0.0020s ]
INFO: [ app_end ] --START--
INFO: Run Behavior\ShowPageTraceBehavior [ RunTime:0.001000s ]
INFO: [ app_end ] --END-- [ RunTime:0.001000s ]

[ 2017-08-18T10:44:55+08:00 ] ::1 /doc/index.php/Home/Page/save
INFO: [ app_init ] --START--
INFO: Run Behavior\BuildLiteBehavior [ RunTime:0.000000s ]
INFO: [ app_init ] --END-- [ RunTime:0.001000s ]
INFO: [ app_begin ] --START--
INFO: Run Behavior\ReadHtmlCacheBehavior [ RunTime:0.001000s ]
INFO: [ app_begin ] --END-- [ RunTime:0.001000s ]
SQL: SHOW COLUMNS FROM `page` [ RunTime:0.0030s ]
SQL: INSERT INTO `page` (`page_title`,`page_content`,`order`,`item_id`,`cat_id`,`addtime`,`author_uid`,`author_username`) VALUES ('GP常用命令','	1、数据库启动：gpstart 
		常用参数： -a : 直接启动，不提示终端用户输入确认
			  -m:只启动master 实例，主要在故障处理时使用

	2、数据库停止：gpstop：
		常用可选参数：-a：直接停止，不提示终端用户输入确认
			      -m：只停止master 实例，与gpstart –m 对应使用
			      -f：停止数据库，中断所有数据库连接，回滚正在运
                            行的事务
			-u：不停止数据库，只加载pg_hba.conf 和postgresql.conf中运行时参数，当改动参数配置时候使用。

	3、查看实例配置和状态
		select * from gp_segment_configuration  order by content ;
		   select * from  pg_filespace_entry ;
		主要字段说明：
		Content：该字段相等的两个实例，是一对Ｐ（primary instance）和Ｍ（mirror 
          Instance)
		     Isprimary：实例是否作为primary instance 运行
			 Valid：实例是否有效，如处于false 状态，则说明该实例已经down 掉。
	 		Port：实例运行的端口
			Datadir:实例对应的数据目录
	4、gpstate ：显示Greenplum数据库运行状态，详细配置等信息
		常用可选参数：-c：primary instance 和 mirror instance 的对应关系
	 			-m：只列出mirror 实例的状态和配置信息
				-f：显示standby master 的详细信息
		该命令默认列出数据库运行状态汇总信息，常用于日常巡检。
	5、查看用户会话和提交的查询等信息
		select * from pg_stat_activity  该表能查看到当前数据库连接的IP 地址，用户名，提交的查询等。另外也可以在master 主机上查看进程，对每个客户端连接，master 都会创建一个进程。ps -ef |grep -i postgres |grep -i con 

		杀进程：Linux： kill -11  PID
		Sql ：  pg_cancel_backend（pid）

		ps –ef |grep – i postgre |grep –i con

	6、查看数据库、表占用空间
		select pg_size_pretty(pg_relation_size(\'schema.tablename\'));
		select pg_size_pretty(pg_database_size(\'databasename));

		分区表：
		Select *　from pg_partitions  where  …

		查某个schema 占用的空间：

		select  pg_size_pretty(pg_relation_size(tablename))  from pg_tables  t   inner join pg_namespace  d on t.schemaname=d.nspname  group by d.nspname 


		必须在数据库所对应的存储系统里，至少保留30%的自由空间，日常巡检，要检查存储空间的剩余容量
		
	7、查看数据分布情况
	两种方式：
		Select gp_segment_id,count(*) from  tablename  group by 1 ; 
		如数据分布不均匀，将发挥不了并行计算的优势，严重影响性能。
	8、实例恢复：gprecoverseg
		通过gpstate 或gp_segment_configuration 发现有实例down 掉以后，使用该命令进行回复,恢复时候不需要停机，不影响应用

	9、数据库备份 gp_dump, pg_dump
		常用参数：-s: 只导出对象定义（表结构，函数等）
				 -n: 只导出某个schema
		gp_dump 默认在master 的data 目录上产生这些文件：
		gp_catalog_1_&lt;dbid&gt;_&lt;timestamp&gt; ：关于数据库系统配置的备份文件
		gp_cdatabase_1_&lt;dbid&gt;_&lt;timestamp&gt;：数据库创建语句的备份文件
		gp_dump_1_&lt;dbid&gt;_&lt;timestamp&gt;：数据库对象ddl语句
		gp_dump_status_1_&lt;dbid&gt;_&lt;timestamp&gt;：备份操作的日志
		在每个segment instance 上的data目录上产生的文件：
		gp_dump_0_&lt;dbid&gt;_&lt;timestamp&gt;：用户数据备份文件
		gp_dump_status_0_&lt;dbid&gt;_&lt;timestamp&gt;：备份日志
		
		

	10、命令行查询方法还存储过程命令
		select prosrc from pg_proc where proname=\'proname\';','1','23','0','1503024295','2','admin') [ RunTime:0.0000s ]
SQL: SHOW COLUMNS FROM `item` [ RunTime:0.0030s ]
SQL: UPDATE `item` SET `last_update_time`='1503024295' WHERE (  item_id = '23'  ) [ RunTime:0.0010s ]
SQL: SELECT * FROM `page` WHERE (  page_id = '213'  ) LIMIT 1   [ RunTime:0.0000s ]
INFO: [ app_end ] --START--
INFO: Run Behavior\ShowPageTraceBehavior [ RunTime:0.001000s ]
INFO: [ app_end ] --END-- [ RunTime:0.001000s ]

[ 2017-08-18T10:44:55+08:00 ] ::1 /doc/index.php/Home/item/show?page_id=213&item_id=23
INFO: [ app_init ] --START--
INFO: Run Behavior\BuildLiteBehavior [ RunTime:0.000000s ]
INFO: [ app_init ] --END-- [ RunTime:0.001000s ]
INFO: [ app_begin ] --START--
INFO: Run Behavior\ReadHtmlCacheBehavior [ RunTime:0.001000s ]
INFO: [ app_begin ] --END-- [ RunTime:0.001000s ]
NOTIC: [2048] Declaration of Home\Controller\ItemController::show() should be compatible with Think\Controller::show($content, $charset = '', $contentType = '', $prefix = '') D:\wamp\www\doc\Application\Home\Controller\ItemController.class.php 第 4 行.
SQL: SHOW COLUMNS FROM `item` [ RunTime:0.0030s ]
SQL: SELECT * FROM `item` WHERE ( item_id = '23'  ) LIMIT 1   [ RunTime:0.0000s ]
SQL: SHOW COLUMNS FROM `page` [ RunTime:0.0020s ]
SQL: SELECT * FROM `page` WHERE ( cat_id = '0' and item_id = '23'  ) ORDER BY  `order` asc    [ RunTime:0.0020s ]
SQL: SHOW COLUMNS FROM `catalog` [ RunTime:0.0030s ]
SQL: SELECT * FROM `catalog` WHERE ( item_id = '23'  ) ORDER BY  `order` asc    [ RunTime:0.0000s ]
INFO: [ view_parse ] --START--
INFO: [ template_filter ] --START--
INFO: Run Behavior\ContentReplaceBehavior [ RunTime:0.000000s ]
INFO: [ template_filter ] --END-- [ RunTime:0.000000s ]
NOTIC: [8] Undefined variable: page_id D:\wamp\www\doc\Application\Runtime\Cache\Home\a45e27ab7210323bbf6beb0424918ca7.php 第 99 行.
INFO: Run Behavior\ParseTemplateBehavior [ RunTime:0.019002s ]
INFO: [ view_parse ] --END-- [ RunTime:0.020002s ]
INFO: [ view_filter ] --START--
INFO: Run Behavior\WriteHtmlCacheBehavior [ RunTime:0.000000s ]
INFO: [ view_filter ] --END-- [ RunTime:0.000000s ]
INFO: [ app_end ] --START--
INFO: Run Behavior\ShowPageTraceBehavior [ RunTime:0.001000s ]
INFO: [ app_end ] --END-- [ RunTime:0.001000s ]

[ 2017-08-18T10:44:55+08:00 ] ::1 /doc/index.php/Home/page/index?page_id=213
INFO: [ app_init ] --START--
INFO: Run Behavior\BuildLiteBehavior [ RunTime:0.000000s ]
INFO: [ app_init ] --END-- [ RunTime:0.001000s ]
INFO: [ app_begin ] --START--
INFO: Run Behavior\ReadHtmlCacheBehavior [ RunTime:0.001000s ]
INFO: [ app_begin ] --END-- [ RunTime:0.001000s ]
SQL: SHOW COLUMNS FROM `page` [ RunTime:0.0040s ]
SQL: SELECT * FROM `page` WHERE (  page_id = '213'  ) LIMIT 1   [ RunTime:0.0010s ]
INFO: [ view_parse ] --START--
INFO: [ template_filter ] --START--
INFO: Run Behavior\ContentReplaceBehavior [ RunTime:0.000000s ]
INFO: [ template_filter ] --END-- [ RunTime:0.001000s ]
NOTIC: [8] Undefined variable: item D:\wamp\www\doc\Application\Runtime\Cache\Home\68bce0ec7afdf8798ef65138f610dc8c.php 第 5 行.
INFO: Run Behavior\ParseTemplateBehavior [ RunTime:0.008001s ]
INFO: [ view_parse ] --END-- [ RunTime:0.009001s ]
INFO: [ view_filter ] --START--
INFO: Run Behavior\WriteHtmlCacheBehavior [ RunTime:0.000000s ]
INFO: [ view_filter ] --END-- [ RunTime:0.000000s ]
INFO: [ app_end ] --START--
INFO: Run Behavior\ShowPageTraceBehavior [ RunTime:0.001000s ]
INFO: [ app_end ] --END-- [ RunTime:0.001000s ]

[ 2017-08-18T10:50:26+08:00 ] ::1 /doc/index.php/Home/page/index?page_id=194
INFO: [ app_init ] --START--
INFO: Run Behavior\BuildLiteBehavior [ RunTime:0.000000s ]
INFO: [ app_init ] --END-- [ RunTime:0.001000s ]
INFO: [ app_begin ] --START--
INFO: Run Behavior\ReadHtmlCacheBehavior [ RunTime:0.001000s ]
INFO: [ app_begin ] --END-- [ RunTime:0.001000s ]
SQL: SHOW COLUMNS FROM `page` [ RunTime:0.0030s ]
SQL: SELECT * FROM `page` WHERE (  page_id = '194'  ) LIMIT 1   [ RunTime:0.0000s ]
INFO: [ view_parse ] --START--
INFO: [ template_filter ] --START--
INFO: Run Behavior\ContentReplaceBehavior [ RunTime:0.000000s ]
INFO: [ template_filter ] --END-- [ RunTime:0.000000s ]
NOTIC: [8] Undefined variable: item D:\wamp\www\doc\Application\Runtime\Cache\Home\68bce0ec7afdf8798ef65138f610dc8c.php 第 5 行.
INFO: Run Behavior\ParseTemplateBehavior [ RunTime:0.007000s ]
INFO: [ view_parse ] --END-- [ RunTime:0.007000s ]
INFO: [ view_filter ] --START--
INFO: Run Behavior\WriteHtmlCacheBehavior [ RunTime:0.001000s ]
INFO: [ view_filter ] --END-- [ RunTime:0.001000s ]
INFO: [ app_end ] --START--
INFO: Run Behavior\ShowPageTraceBehavior [ RunTime:0.001001s ]
INFO: [ app_end ] --END-- [ RunTime:0.001001s ]

[ 2017-08-18T10:50:27+08:00 ] ::1 /doc/index.php/Home/page/index?page_id=213
INFO: [ app_init ] --START--
INFO: Run Behavior\BuildLiteBehavior [ RunTime:0.000000s ]
INFO: [ app_init ] --END-- [ RunTime:0.001001s ]
INFO: [ app_begin ] --START--
INFO: Run Behavior\ReadHtmlCacheBehavior [ RunTime:0.001000s ]
INFO: [ app_begin ] --END-- [ RunTime:0.001000s ]
SQL: SHOW COLUMNS FROM `page` [ RunTime:0.0030s ]
SQL: SELECT * FROM `page` WHERE (  page_id = '213'  ) LIMIT 1   [ RunTime:0.0010s ]
INFO: [ view_parse ] --START--
INFO: [ template_filter ] --START--
INFO: Run Behavior\ContentReplaceBehavior [ RunTime:0.000000s ]
INFO: [ template_filter ] --END-- [ RunTime:0.001000s ]
NOTIC: [8] Undefined variable: item D:\wamp\www\doc\Application\Runtime\Cache\Home\68bce0ec7afdf8798ef65138f610dc8c.php 第 5 行.
INFO: Run Behavior\ParseTemplateBehavior [ RunTime:0.007000s ]
INFO: [ view_parse ] --END-- [ RunTime:0.007000s ]
INFO: [ view_filter ] --START--
INFO: Run Behavior\WriteHtmlCacheBehavior [ RunTime:0.001000s ]
INFO: [ view_filter ] --END-- [ RunTime:0.001000s ]
INFO: [ app_end ] --START--
INFO: Run Behavior\ShowPageTraceBehavior [ RunTime:0.000000s ]
INFO: [ app_end ] --END-- [ RunTime:0.001001s ]

[ 2017-08-18T10:50:28+08:00 ] ::1 /doc/index.php/Home/page/index?page_id=194
INFO: [ app_init ] --START--
INFO: Run Behavior\BuildLiteBehavior [ RunTime:0.000000s ]
INFO: [ app_init ] --END-- [ RunTime:0.001000s ]
INFO: [ app_begin ] --START--
INFO: Run Behavior\ReadHtmlCacheBehavior [ RunTime:0.001000s ]
INFO: [ app_begin ] --END-- [ RunTime:0.001000s ]
SQL: SHOW COLUMNS FROM `page` [ RunTime:0.0030s ]
SQL: SELECT * FROM `page` WHERE (  page_id = '194'  ) LIMIT 1   [ RunTime:0.0010s ]
INFO: [ view_parse ] --START--
INFO: [ template_filter ] --START--
INFO: Run Behavior\ContentReplaceBehavior [ RunTime:0.000000s ]
INFO: [ template_filter ] --END-- [ RunTime:0.000000s ]
NOTIC: [8] Undefined variable: item D:\wamp\www\doc\Application\Runtime\Cache\Home\68bce0ec7afdf8798ef65138f610dc8c.php 第 5 行.
INFO: Run Behavior\ParseTemplateBehavior [ RunTime:0.007000s ]
INFO: [ view_parse ] --END-- [ RunTime:0.007000s ]
INFO: [ view_filter ] --START--
INFO: Run Behavior\WriteHtmlCacheBehavior [ RunTime:0.001000s ]
INFO: [ view_filter ] --END-- [ RunTime:0.001000s ]
INFO: [ app_end ] --START--
INFO: Run Behavior\ShowPageTraceBehavior [ RunTime:0.001000s ]
INFO: [ app_end ] --END-- [ RunTime:0.001000s ]

[ 2017-08-18T10:51:30+08:00 ] ::1 /doc/index.php/Home/page/index?page_id=195
INFO: [ app_init ] --START--
INFO: Run Behavior\BuildLiteBehavior [ RunTime:0.000000s ]
INFO: [ app_init ] --END-- [ RunTime:0.001000s ]
INFO: [ app_begin ] --START--
INFO: Run Behavior\ReadHtmlCacheBehavior [ RunTime:0.001000s ]
INFO: [ app_begin ] --END-- [ RunTime:0.001000s ]
SQL: SHOW COLUMNS FROM `page` [ RunTime:0.0030s ]
SQL: SELECT * FROM `page` WHERE (  page_id = '195'  ) LIMIT 1   [ RunTime:0.0010s ]
INFO: [ view_parse ] --START--
INFO: [ template_filter ] --START--
INFO: Run Behavior\ContentReplaceBehavior [ RunTime:0.000000s ]
INFO: [ template_filter ] --END-- [ RunTime:0.000000s ]
NOTIC: [8] Undefined variable: item D:\wamp\www\doc\Application\Runtime\Cache\Home\68bce0ec7afdf8798ef65138f610dc8c.php 第 5 行.
INFO: Run Behavior\ParseTemplateBehavior [ RunTime:0.006000s ]
INFO: [ view_parse ] --END-- [ RunTime:0.007000s ]
INFO: [ view_filter ] --START--
INFO: Run Behavior\WriteHtmlCacheBehavior [ RunTime:0.000000s ]
INFO: [ view_filter ] --END-- [ RunTime:0.000000s ]
INFO: [ app_end ] --START--
INFO: Run Behavior\ShowPageTraceBehavior [ RunTime:0.001001s ]
INFO: [ app_end ] --END-- [ RunTime:0.001001s ]

[ 2017-08-18T10:55:59+08:00 ] ::1 /doc/index.php/Home/page/index?page_id=213
INFO: [ app_init ] --START--
INFO: Run Behavior\BuildLiteBehavior [ RunTime:0.000000s ]
INFO: [ app_init ] --END-- [ RunTime:0.000000s ]
INFO: [ app_begin ] --START--
INFO: Run Behavior\ReadHtmlCacheBehavior [ RunTime:0.001000s ]
INFO: [ app_begin ] --END-- [ RunTime:0.001000s ]
SQL: SHOW COLUMNS FROM `page` [ RunTime:0.0030s ]
SQL: SELECT * FROM `page` WHERE (  page_id = '213'  ) LIMIT 1   [ RunTime:0.0010s ]
INFO: [ view_parse ] --START--
INFO: [ template_filter ] --START--
INFO: Run Behavior\ContentReplaceBehavior [ RunTime:0.000000s ]
INFO: [ template_filter ] --END-- [ RunTime:0.000000s ]
NOTIC: [8] Undefined variable: item D:\wamp\www\doc\Application\Runtime\Cache\Home\68bce0ec7afdf8798ef65138f610dc8c.php 第 5 行.
INFO: Run Behavior\ParseTemplateBehavior [ RunTime:0.007001s ]
INFO: [ view_parse ] --END-- [ RunTime:0.007001s ]
INFO: [ view_filter ] --START--
INFO: Run Behavior\WriteHtmlCacheBehavior [ RunTime:0.001000s ]
INFO: [ view_filter ] --END-- [ RunTime:0.001000s ]
INFO: [ app_end ] --START--
INFO: Run Behavior\ShowPageTraceBehavior [ RunTime:0.000000s ]
INFO: [ app_end ] --END-- [ RunTime:0.001000s ]

[ 2017-08-18T11:53:49+08:00 ] ::1 /doc/index.php/23?page_id=213
INFO: [ app_init ] --START--
INFO: Run Behavior\BuildLiteBehavior [ RunTime:0.000000s ]
INFO: [ app_init ] --END-- [ RunTime:0.003000s ]
INFO: [ app_begin ] --START--
INFO: Run Behavior\ReadHtmlCacheBehavior [ RunTime:0.001000s ]
INFO: [ app_begin ] --END-- [ RunTime:0.001000s ]
NOTIC: [2048] Declaration of Home\Controller\ItemController::show() should be compatible with Think\Controller::show($content, $charset = '', $contentType = '', $prefix = '') D:\wamp\www\doc\Application\Home\Controller\ItemController.class.php 第 4 行.
SQL: SHOW COLUMNS FROM `item` [ RunTime:0.0030s ]
SQL: SELECT * FROM `item` WHERE ( item_id = '23'  ) LIMIT 1   [ RunTime:0.0000s ]
SQL: SHOW COLUMNS FROM `page` [ RunTime:0.0030s ]
SQL: SELECT * FROM `page` WHERE ( cat_id = '0' and item_id = '23'  ) ORDER BY  `order` asc    [ RunTime:0.0000s ]
SQL: SHOW COLUMNS FROM `catalog` [ RunTime:0.0020s ]
SQL: SELECT * FROM `catalog` WHERE ( item_id = '23'  ) ORDER BY  `order` asc    [ RunTime:0.0000s ]
INFO: [ view_parse ] --START--
INFO: [ template_filter ] --START--
INFO: Run Behavior\ContentReplaceBehavior [ RunTime:0.000000s ]
INFO: [ template_filter ] --END-- [ RunTime:0.000000s ]
NOTIC: [8] Undefined variable: page_id D:\wamp\www\doc\Application\Runtime\Cache\Home\a45e27ab7210323bbf6beb0424918ca7.php 第 99 行.
INFO: Run Behavior\ParseTemplateBehavior [ RunTime:0.017001s ]
INFO: [ view_parse ] --END-- [ RunTime:0.017001s ]
INFO: [ view_filter ] --START--
INFO: Run Behavior\WriteHtmlCacheBehavior [ RunTime:0.001000s ]
INFO: [ view_filter ] --END-- [ RunTime:0.001000s ]
INFO: [ app_end ] --START--
INFO: Run Behavior\ShowPageTraceBehavior [ RunTime:0.000000s ]
INFO: [ app_end ] --END-- [ RunTime:0.001000s ]

[ 2017-08-18T11:53:49+08:00 ] ::1 /doc/index.php/Home/page/index?page_id=213
INFO: [ app_init ] --START--
INFO: Run Behavior\BuildLiteBehavior [ RunTime:0.000000s ]
INFO: [ app_init ] --END-- [ RunTime:0.001000s ]
INFO: [ app_begin ] --START--
INFO: Run Behavior\ReadHtmlCacheBehavior [ RunTime:0.001000s ]
INFO: [ app_begin ] --END-- [ RunTime:0.001000s ]
SQL: SHOW COLUMNS FROM `page` [ RunTime:0.0030s ]
SQL: SELECT * FROM `page` WHERE (  page_id = '213'  ) LIMIT 1   [ RunTime:0.0000s ]
INFO: [ view_parse ] --START--
INFO: [ template_filter ] --START--
INFO: Run Behavior\ContentReplaceBehavior [ RunTime:0.001001s ]
INFO: [ template_filter ] --END-- [ RunTime:0.001001s ]
NOTIC: [8] Undefined variable: item D:\wamp\www\doc\Application\Runtime\Cache\Home\68bce0ec7afdf8798ef65138f610dc8c.php 第 5 行.
INFO: Run Behavior\ParseTemplateBehavior [ RunTime:0.010001s ]
INFO: [ view_parse ] --END-- [ RunTime:0.010001s ]
INFO: [ view_filter ] --START--
INFO: Run Behavior\WriteHtmlCacheBehavior [ RunTime:0.001000s ]
INFO: [ view_filter ] --END-- [ RunTime:0.001000s ]
INFO: [ app_end ] --START--
INFO: Run Behavior\ShowPageTraceBehavior [ RunTime:0.000000s ]
INFO: [ app_end ] --END-- [ RunTime:0.000000s ]

[ 2017-08-18T12:15:55+08:00 ] ::1 /doc/index.php/23?page_id=213
INFO: [ app_init ] --START--
INFO: Run Behavior\BuildLiteBehavior [ RunTime:0.000000s ]
INFO: [ app_init ] --END-- [ RunTime:0.001000s ]
INFO: [ app_begin ] --START--
INFO: Run Behavior\ReadHtmlCacheBehavior [ RunTime:0.000000s ]
INFO: [ app_begin ] --END-- [ RunTime:0.000000s ]
NOTIC: [2048] Declaration of Home\Controller\ItemController::show() should be compatible with Think\Controller::show($content, $charset = '', $contentType = '', $prefix = '') D:\wamp\www\doc\Application\Home\Controller\ItemController.class.php 第 4 行.
SQL: SHOW COLUMNS FROM `item` [ RunTime:0.0080s ]
SQL: SELECT * FROM `item` WHERE ( item_id = '23'  ) LIMIT 1   [ RunTime:0.0000s ]
SQL: SHOW COLUMNS FROM `page` [ RunTime:0.0020s ]
SQL: SELECT * FROM `page` WHERE ( cat_id = '0' and item_id = '23'  ) ORDER BY  `order` asc    [ RunTime:0.0000s ]
SQL: SHOW COLUMNS FROM `catalog` [ RunTime:0.0020s ]
SQL: SELECT * FROM `catalog` WHERE ( item_id = '23'  ) ORDER BY  `order` asc    [ RunTime:0.0000s ]
INFO: [ view_parse ] --START--
INFO: [ template_filter ] --START--
INFO: Run Behavior\ContentReplaceBehavior [ RunTime:0.000000s ]
INFO: [ template_filter ] --END-- [ RunTime:0.000000s ]
NOTIC: [8] Undefined variable: page_id D:\wamp\www\doc\Application\Runtime\Cache\Home\a45e27ab7210323bbf6beb0424918ca7.php 第 99 行.
INFO: Run Behavior\ParseTemplateBehavior [ RunTime:0.031002s ]
INFO: [ view_parse ] --END-- [ RunTime:0.031002s ]
INFO: [ view_filter ] --START--
INFO: Run Behavior\WriteHtmlCacheBehavior [ RunTime:0.001000s ]
INFO: [ view_filter ] --END-- [ RunTime:0.001000s ]
INFO: [ app_end ] --START--
INFO: Run Behavior\ShowPageTraceBehavior [ RunTime:0.000000s ]
INFO: [ app_end ] --END-- [ RunTime:0.001000s ]

[ 2017-08-18T12:15:55+08:00 ] ::1 /doc/index.php/Home/page/index?page_id=213
INFO: [ app_init ] --START--
INFO: Run Behavior\BuildLiteBehavior [ RunTime:0.000000s ]
INFO: [ app_init ] --END-- [ RunTime:0.000000s ]
INFO: [ app_begin ] --START--
INFO: Run Behavior\ReadHtmlCacheBehavior [ RunTime:0.001000s ]
INFO: [ app_begin ] --END-- [ RunTime:0.001000s ]
SQL: SHOW COLUMNS FROM `page` [ RunTime:0.0030s ]
SQL: SELECT * FROM `page` WHERE (  page_id = '213'  ) LIMIT 1   [ RunTime:0.0050s ]
INFO: [ view_parse ] --START--
INFO: [ template_filter ] --START--
INFO: Run Behavior\ContentReplaceBehavior [ RunTime:0.001000s ]
INFO: [ template_filter ] --END-- [ RunTime:0.001000s ]
NOTIC: [8] Undefined variable: item D:\wamp\www\doc\Application\Runtime\Cache\Home\68bce0ec7afdf8798ef65138f610dc8c.php 第 5 行.
INFO: Run Behavior\ParseTemplateBehavior [ RunTime:0.011000s ]
INFO: [ view_parse ] --END-- [ RunTime:0.011000s ]
INFO: [ view_filter ] --START--
INFO: Run Behavior\WriteHtmlCacheBehavior [ RunTime:0.001000s ]
INFO: [ view_filter ] --END-- [ RunTime:0.001000s ]
INFO: [ app_end ] --START--
INFO: Run Behavior\ShowPageTraceBehavior [ RunTime:0.001000s ]
INFO: [ app_end ] --END-- [ RunTime:0.001000s ]

[ 2017-08-18T12:46:09+08:00 ] ::1 /doc/index.php/23?page_id=213
INFO: [ app_init ] --START--
INFO: Run Behavior\BuildLiteBehavior [ RunTime:0.000000s ]
INFO: [ app_init ] --END-- [ RunTime:0.001000s ]
INFO: [ app_begin ] --START--
INFO: Run Behavior\ReadHtmlCacheBehavior [ RunTime:0.001000s ]
INFO: [ app_begin ] --END-- [ RunTime:0.001000s ]
NOTIC: [2048] Declaration of Home\Controller\ItemController::show() should be compatible with Think\Controller::show($content, $charset = '', $contentType = '', $prefix = '') D:\wamp\www\doc\Application\Home\Controller\ItemController.class.php 第 4 行.
SQL: SHOW COLUMNS FROM `item` [ RunTime:0.0020s ]
SQL: SELECT * FROM `item` WHERE ( item_id = '23'  ) LIMIT 1   [ RunTime:0.0000s ]
SQL: SHOW COLUMNS FROM `page` [ RunTime:0.0030s ]
SQL: SELECT * FROM `page` WHERE ( cat_id = '0' and item_id = '23'  ) ORDER BY  `order` asc    [ RunTime:0.0000s ]
SQL: SHOW COLUMNS FROM `catalog` [ RunTime:0.0020s ]
SQL: SELECT * FROM `catalog` WHERE ( item_id = '23'  ) ORDER BY  `order` asc    [ RunTime:0.0000s ]
INFO: [ view_parse ] --START--
INFO: [ template_filter ] --START--
INFO: Run Behavior\ContentReplaceBehavior [ RunTime:0.000000s ]
INFO: [ template_filter ] --END-- [ RunTime:0.000000s ]
NOTIC: [8] Undefined variable: page_id D:\wamp\www\doc\Application\Runtime\Cache\Home\a45e27ab7210323bbf6beb0424918ca7.php 第 99 行.
INFO: Run Behavior\ParseTemplateBehavior [ RunTime:0.019001s ]
INFO: [ view_parse ] --END-- [ RunTime:0.019001s ]
INFO: [ view_filter ] --START--
INFO: Run Behavior\WriteHtmlCacheBehavior [ RunTime:0.001000s ]
INFO: [ view_filter ] --END-- [ RunTime:0.001000s ]
INFO: [ app_end ] --START--
INFO: Run Behavior\ShowPageTraceBehavior [ RunTime:0.001000s ]
INFO: [ app_end ] --END-- [ RunTime:0.001000s ]

[ 2017-08-18T12:46:09+08:00 ] ::1 /doc/index.php/Home/page/index?page_id=213
INFO: [ app_init ] --START--
INFO: Run Behavior\BuildLiteBehavior [ RunTime:0.000000s ]
INFO: [ app_init ] --END-- [ RunTime:0.001000s ]
INFO: [ app_begin ] --START--
INFO: Run Behavior\ReadHtmlCacheBehavior [ RunTime:0.000000s ]
INFO: [ app_begin ] --END-- [ RunTime:0.001000s ]
SQL: SHOW COLUMNS FROM `page` [ RunTime:0.0030s ]
SQL: SELECT * FROM `page` WHERE (  page_id = '213'  ) LIMIT 1   [ RunTime:0.0000s ]
INFO: [ view_parse ] --START--
INFO: [ template_filter ] --START--
INFO: Run Behavior\ContentReplaceBehavior [ RunTime:0.000000s ]
INFO: [ template_filter ] --END-- [ RunTime:0.000000s ]
NOTIC: [8] Undefined variable: item D:\wamp\www\doc\Application\Runtime\Cache\Home\68bce0ec7afdf8798ef65138f610dc8c.php 第 5 行.
INFO: Run Behavior\ParseTemplateBehavior [ RunTime:0.007001s ]
INFO: [ view_parse ] --END-- [ RunTime:0.007001s ]
INFO: [ view_filter ] --START--
INFO: Run Behavior\WriteHtmlCacheBehavior [ RunTime:0.001000s ]
INFO: [ view_filter ] --END-- [ RunTime:0.001000s ]
INFO: [ app_end ] --START--
INFO: Run Behavior\ShowPageTraceBehavior [ RunTime:0.001000s ]
INFO: [ app_end ] --END-- [ RunTime:0.001000s ]

[ 2017-08-18T13:01:05+08:00 ] ::1 /doc/index.php/23?page_id=213
INFO: [ app_init ] --START--
INFO: Run Behavior\BuildLiteBehavior [ RunTime:0.000000s ]
INFO: [ app_init ] --END-- [ RunTime:0.000000s ]
INFO: [ app_begin ] --START--
INFO: Run Behavior\ReadHtmlCacheBehavior [ RunTime:0.001000s ]
INFO: [ app_begin ] --END-- [ RunTime:0.001000s ]
NOTIC: [2048] Declaration of Home\Controller\ItemController::show() should be compatible with Think\Controller::show($content, $charset = '', $contentType = '', $prefix = '') D:\wamp\www\doc\Application\Home\Controller\ItemController.class.php 第 4 行.
SQL: SHOW COLUMNS FROM `item` [ RunTime:0.0060s ]
SQL: SELECT * FROM `item` WHERE ( item_id = '23'  ) LIMIT 1   [ RunTime:0.0010s ]
SQL: SHOW COLUMNS FROM `page` [ RunTime:0.0030s ]
SQL: SELECT * FROM `page` WHERE ( cat_id = '0' and item_id = '23'  ) ORDER BY  `order` asc    [ RunTime:0.0010s ]
SQL: SHOW COLUMNS FROM `catalog` [ RunTime:0.0050s ]
SQL: SELECT * FROM `catalog` WHERE ( item_id = '23'  ) ORDER BY  `order` asc    [ RunTime:0.0160s ]
INFO: [ view_parse ] --START--
INFO: [ template_filter ] --START--
INFO: Run Behavior\ContentReplaceBehavior [ RunTime:0.000000s ]
INFO: [ template_filter ] --END-- [ RunTime:0.000000s ]
NOTIC: [8] Undefined variable: page_id D:\wamp\www\doc\Application\Runtime\Cache\Home\a45e27ab7210323bbf6beb0424918ca7.php 第 99 行.
INFO: Run Behavior\ParseTemplateBehavior [ RunTime:0.021001s ]
INFO: [ view_parse ] --END-- [ RunTime:0.021001s ]
INFO: [ view_filter ] --START--
INFO: Run Behavior\WriteHtmlCacheBehavior [ RunTime:0.001000s ]
INFO: [ view_filter ] --END-- [ RunTime:0.001000s ]
INFO: [ app_end ] --START--
INFO: Run Behavior\ShowPageTraceBehavior [ RunTime:0.001000s ]
INFO: [ app_end ] --END-- [ RunTime:0.001000s ]

[ 2017-08-18T13:01:05+08:00 ] ::1 /doc/index.php/Home/page/index?page_id=213
INFO: [ app_init ] --START--
INFO: Run Behavior\BuildLiteBehavior [ RunTime:0.000000s ]
INFO: [ app_init ] --END-- [ RunTime:0.000000s ]
INFO: [ app_begin ] --START--
INFO: Run Behavior\ReadHtmlCacheBehavior [ RunTime:0.000000s ]
INFO: [ app_begin ] --END-- [ RunTime:0.001000s ]
SQL: SHOW COLUMNS FROM `page` [ RunTime:0.0030s ]
SQL: SELECT * FROM `page` WHERE (  page_id = '213'  ) LIMIT 1   [ RunTime:0.0010s ]
INFO: [ view_parse ] --START--
INFO: [ template_filter ] --START--
INFO: Run Behavior\ContentReplaceBehavior [ RunTime:0.000000s ]
INFO: [ template_filter ] --END-- [ RunTime:0.000000s ]
NOTIC: [8] Undefined variable: item D:\wamp\www\doc\Application\Runtime\Cache\Home\68bce0ec7afdf8798ef65138f610dc8c.php 第 5 行.
INFO: Run Behavior\ParseTemplateBehavior [ RunTime:0.008000s ]
INFO: [ view_parse ] --END-- [ RunTime:0.008000s ]
INFO: [ view_filter ] --START--
INFO: Run Behavior\WriteHtmlCacheBehavior [ RunTime:0.001000s ]
INFO: [ view_filter ] --END-- [ RunTime:0.001000s ]
INFO: [ app_end ] --START--
INFO: Run Behavior\ShowPageTraceBehavior [ RunTime:0.001000s ]
INFO: [ app_end ] --END-- [ RunTime:0.001000s ]

