[ 2018-08-02T11:28:30+08:00 ] ::1 /doc/index.php/Home/page/index?page_id=232
INFO: [ app_init ] --START--
INFO: Run Behavior\BuildLiteBehavior [ RunTime:0.000000s ]
INFO: [ app_init ] --END-- [ RunTime:0.002000s ]
INFO: [ app_begin ] --START--
INFO: Run Behavior\ReadHtmlCacheBehavior [ RunTime:0.002000s ]
INFO: [ app_begin ] --END-- [ RunTime:0.002000s ]
SQL: SHOW COLUMNS FROM `page` [ RunTime:0.3210s ]
SQL: SELECT * FROM `page` WHERE (  page_id = '232'  ) LIMIT 1   [ RunTime:0.0630s ]
INFO: [ view_parse ] --START--
INFO: [ template_filter ] --START--
INFO: Run Behavior\ContentReplaceBehavior [ RunTime:0.000000s ]
INFO: [ template_filter ] --END-- [ RunTime:0.000000s ]
NOTIC: [8] Undefined variable: item E:\wamp\www\doc\Application\Runtime\Cache\Home\68bce0ec7afdf8798ef65138f610dc8c.php 第 5 行.
INFO: Run Behavior\ParseTemplateBehavior [ RunTime:0.171010s ]
INFO: [ view_parse ] --END-- [ RunTime:0.172010s ]
INFO: [ view_filter ] --START--
INFO: Run Behavior\WriteHtmlCacheBehavior [ RunTime:0.023001s ]
INFO: [ view_filter ] --END-- [ RunTime:0.023001s ]
INFO: [ app_end ] --START--
INFO: Run Behavior\ShowPageTraceBehavior [ RunTime:0.017001s ]
INFO: [ app_end ] --END-- [ RunTime:0.017001s ]

[ 2018-08-02T11:28:30+08:00 ] ::1 /doc/index.php/Home/page/index?page_id=232
INFO: [ app_init ] --START--
INFO: Run Behavior\BuildLiteBehavior [ RunTime:0.000000s ]
INFO: [ app_init ] --END-- [ RunTime:0.001000s ]
INFO: [ app_begin ] --START--
INFO: Run Behavior\ReadHtmlCacheBehavior [ RunTime:0.001000s ]
INFO: [ app_begin ] --END-- [ RunTime:0.002000s ]
SQL: SHOW COLUMNS FROM `page` [ RunTime:0.0680s ]
SQL: SELECT * FROM `page` WHERE (  page_id = '232'  ) LIMIT 1   [ RunTime:0.0000s ]
INFO: [ view_parse ] --START--
INFO: [ template_filter ] --START--
INFO: Run Behavior\ContentReplaceBehavior [ RunTime:0.000000s ]
INFO: [ template_filter ] --END-- [ RunTime:0.000000s ]
NOTIC: [8] Undefined variable: item E:\wamp\www\doc\Application\Runtime\Cache\Home\68bce0ec7afdf8798ef65138f610dc8c.php 第 5 行.
INFO: Run Behavior\ParseTemplateBehavior [ RunTime:0.012000s ]
INFO: [ view_parse ] --END-- [ RunTime:0.012000s ]
INFO: [ view_filter ] --START--
INFO: Run Behavior\WriteHtmlCacheBehavior [ RunTime:0.001000s ]
INFO: [ view_filter ] --END-- [ RunTime:0.001000s ]
INFO: [ app_end ] --START--
INFO: Run Behavior\ShowPageTraceBehavior [ RunTime:0.002000s ]
INFO: [ app_end ] --END-- [ RunTime:0.002000s ]

[ 2018-08-02T16:04:46+08:00 ] ::1 /doc/index.php/Home/page/index?page_id=233
INFO: [ app_init ] --START--
INFO: Run Behavior\BuildLiteBehavior [ RunTime:0.001000s ]
INFO: [ app_init ] --END-- [ RunTime:0.005000s ]
INFO: [ app_begin ] --START--
INFO: Run Behavior\ReadHtmlCacheBehavior [ RunTime:0.028002s ]
INFO: [ app_begin ] --END-- [ RunTime:0.028002s ]
SQL: SHOW COLUMNS FROM `page` [ RunTime:0.1240s ]
SQL: SELECT * FROM `page` WHERE (  page_id = '233'  ) LIMIT 1   [ RunTime:0.0120s ]
INFO: [ view_parse ] --START--
INFO: [ template_filter ] --START--
INFO: Run Behavior\ContentReplaceBehavior [ RunTime:0.000000s ]
INFO: [ template_filter ] --END-- [ RunTime:0.000000s ]
NOTIC: [8] Undefined variable: item E:\wamp\www\doc\Application\Runtime\Cache\Home\68bce0ec7afdf8798ef65138f610dc8c.php 第 5 行.
INFO: Run Behavior\ParseTemplateBehavior [ RunTime:0.071005s ]
INFO: [ view_parse ] --END-- [ RunTime:0.071005s ]
INFO: [ view_filter ] --START--
INFO: Run Behavior\WriteHtmlCacheBehavior [ RunTime:0.016001s ]
INFO: [ view_filter ] --END-- [ RunTime:0.016001s ]
INFO: [ app_end ] --START--
INFO: Run Behavior\ShowPageTraceBehavior [ RunTime:0.007000s ]
INFO: [ app_end ] --END-- [ RunTime:0.008000s ]

[ 2018-08-02T16:04:54+08:00 ] ::1 /doc/index.php/Home/page/index?page_id=233
INFO: [ app_init ] --START--
INFO: Run Behavior\BuildLiteBehavior [ RunTime:0.000000s ]
INFO: [ app_init ] --END-- [ RunTime:0.002000s ]
INFO: [ app_begin ] --START--
INFO: Run Behavior\ReadHtmlCacheBehavior [ RunTime:0.001000s ]
INFO: [ app_begin ] --END-- [ RunTime:0.002000s ]
SQL: SHOW COLUMNS FROM `page` [ RunTime:0.0090s ]
SQL: SELECT * FROM `page` WHERE (  page_id = '233'  ) LIMIT 1   [ RunTime:0.0000s ]
INFO: [ view_parse ] --START--
INFO: [ template_filter ] --START--
INFO: Run Behavior\ContentReplaceBehavior [ RunTime:0.000000s ]
INFO: [ template_filter ] --END-- [ RunTime:0.000000s ]
NOTIC: [8] Undefined variable: item E:\wamp\www\doc\Application\Runtime\Cache\Home\68bce0ec7afdf8798ef65138f610dc8c.php 第 5 行.
INFO: Run Behavior\ParseTemplateBehavior [ RunTime:0.010001s ]
INFO: [ view_parse ] --END-- [ RunTime:0.010001s ]
INFO: [ view_filter ] --START--
INFO: Run Behavior\WriteHtmlCacheBehavior [ RunTime:0.000000s ]
INFO: [ view_filter ] --END-- [ RunTime:0.001000s ]
INFO: [ app_end ] --START--
INFO: Run Behavior\ShowPageTraceBehavior [ RunTime:0.001000s ]
INFO: [ app_end ] --END-- [ RunTime:0.001000s ]

